{"C:\\Users\\EricHong\\Desktop\\learn-front-end\\DevBlog\\backend\\config\\default.ts": {"path":"C:\\Users\\EricHong\\Desktop\\learn-front-end\\DevBlog\\backend\\config\\default.ts","statementMap":{"0":{"start":{"line":1,"column":0},"end":{"line":6,"column":null}}},"fnMap":{},"branchMap":{},"s":{"0":6},"f":{},"b":{}}
,"C:\\Users\\EricHong\\Desktop\\learn-front-end\\DevBlog\\backend\\config\\test.ts": {"path":"C:\\Users\\EricHong\\Desktop\\learn-front-end\\DevBlog\\backend\\config\\test.ts","statementMap":{"0":{"start":{"line":1,"column":0},"end":{"line":6,"column":null}}},"fnMap":{},"branchMap":{},"s":{"0":6},"f":{},"b":{}}
,"C:\\Users\\EricHong\\Desktop\\learn-front-end\\DevBlog\\backend\\src\\constants\\ValidateMethod.ts": {"path":"C:\\Users\\EricHong\\Desktop\\learn-front-end\\DevBlog\\backend\\src\\constants\\ValidateMethod.ts","statementMap":{"0":{"start":{"line":1,"column":0},"end":{"line":1,"column":null}},"1":{"start":{"line":2,"column":4},"end":{"line":2,"column":null}},"2":{"start":{"line":3,"column":4},"end":{"line":3,"column":null}}},"fnMap":{"0":{"name":"(anonymous_0)","decl":{"start":{"line":1,"column":0},"end":{"line":1,"column":12}},"loc":{"start":{"line":1,"column":26},"end":{"line":4,"column":1}}}},"branchMap":{"0":{"loc":{"start":{"line":1,"column":12},"end":{"line":1,"column":null}},"type":"binary-expr","locations":[{"start":{"line":1,"column":12},"end":{"line":1,"column":26}},{"start":{"line":1,"column":12},"end":{"line":1,"column":null}}]}},"s":{"0":7,"1":7,"2":7},"f":{"0":7},"b":{"0":[7,7]}}
,"C:\\Users\\EricHong\\Desktop\\learn-front-end\\DevBlog\\backend\\src\\controllers\\auth.controller.ts": {"path":"C:\\Users\\EricHong\\Desktop\\learn-front-end\\DevBlog\\backend\\src\\controllers\\auth.controller.ts","statementMap":{"0":{"start":{"line":2,"column":0},"end":{"line":2,"column":48}},"1":{"start":{"line":3,"column":0},"end":{"line":3,"column":51}},"2":{"start":{"line":4,"column":0},"end":{"line":4,"column":48}},"3":{"start":{"line":6,"column":23},"end":{"line":14,"column":null}},"4":{"start":{"line":6,"column":57},"end":{"line":14,"column":null}},"5":{"start":{"line":8,"column":21},"end":{"line":8,"column":null}},"6":{"start":{"line":8,"column":14},"end":{"line":8,"column":null}},"7":{"start":{"line":9,"column":8},"end":{"line":9,"column":null}},"8":{"start":{"line":11,"column":8},"end":{"line":11,"column":35}},"9":{"start":{"line":12,"column":8},"end":{"line":12,"column":null}},"10":{"start":{"line":6,"column":13},"end":{"line":6,"column":23}}},"fnMap":{"0":{"name":"(anonymous_13)","decl":{"start":{"line":6,"column":23},"end":{"line":6,"column":30}},"loc":{"start":{"line":6,"column":57},"end":{"line":14,"column":null}}},"1":{"name":"(anonymous_14)","decl":{"start":{"line":6,"column":57},"end":{"line":6,"column":null}},"loc":{"start":{"line":6,"column":57},"end":{"line":14,"column":null}}}},"branchMap":{},"s":{"0":1,"1":1,"2":1,"3":1,"4":3,"5":3,"6":3,"7":2,"8":1,"9":1,"10":1},"f":{"0":3,"1":3},"b":{}}
,"C:\\Users\\EricHong\\Desktop\\learn-front-end\\DevBlog\\backend\\src\\controllers\\posts.controller.ts": {"path":"C:\\Users\\EricHong\\Desktop\\learn-front-end\\DevBlog\\backend\\src\\controllers\\posts.controller.ts","statementMap":{"0":{"start":{"line":2,"column":0},"end":{"line":2,"column":48}},"1":{"start":{"line":3,"column":0},"end":{"line":3,"column":146}},"2":{"start":{"line":4,"column":0},"end":{"line":4,"column":48}},"3":{"start":{"line":6,"column":24},"end":{"line":14,"column":null}},"4":{"start":{"line":6,"column":58},"end":{"line":14,"column":null}},"5":{"start":{"line":8,"column":23},"end":{"line":8,"column":null}},"6":{"start":{"line":8,"column":14},"end":{"line":8,"column":null}},"7":{"start":{"line":9,"column":8},"end":{"line":9,"column":null}},"8":{"start":{"line":11,"column":8},"end":{"line":11,"column":null}},"9":{"start":{"line":12,"column":8},"end":{"line":12,"column":null}},"10":{"start":{"line":6,"column":13},"end":{"line":6,"column":24}},"11":{"start":{"line":16,"column":23},"end":{"line":26,"column":null}},"12":{"start":{"line":16,"column":57},"end":{"line":26,"column":null}},"13":{"start":{"line":18,"column":16},"end":{"line":18,"column":27}},"14":{"start":{"line":19,"column":23},"end":{"line":19,"column":null}},"15":{"start":{"line":19,"column":14},"end":{"line":19,"column":null}},"16":{"start":{"line":20,"column":8},"end":{"line":20,"column":null}},"17":{"start":{"line":20,"column":21},"end":{"line":20,"column":null}},"18":{"start":{"line":21,"column":8},"end":{"line":21,"column":null}},"19":{"start":{"line":23,"column":8},"end":{"line":23,"column":null}},"20":{"start":{"line":24,"column":8},"end":{"line":24,"column":null}},"21":{"start":{"line":16,"column":13},"end":{"line":16,"column":23}},"22":{"start":{"line":28,"column":26},"end":{"line":44,"column":null}},"23":{"start":{"line":28,"column":60},"end":{"line":44,"column":null}},"24":{"start":{"line":30,"column":16},"end":{"line":30,"column":27}},"25":{"start":{"line":31,"column":16},"end":{"line":31,"column":27}},"26":{"start":{"line":32,"column":23},"end":{"line":32,"column":null}},"27":{"start":{"line":32,"column":14},"end":{"line":32,"column":null}},"28":{"start":{"line":34,"column":8},"end":{"line":38,"column":null}},"29":{"start":{"line":36,"column":12},"end":{"line":36,"column":null}},"30":{"start":{"line":36,"column":65},"end":{"line":36,"column":null}},"31":{"start":{"line":37,"column":12},"end":{"line":37,"column":null}},"32":{"start":{"line":39,"column":8},"end":{"line":39,"column":null}},"33":{"start":{"line":41,"column":8},"end":{"line":41,"column":null}},"34":{"start":{"line":42,"column":8},"end":{"line":42,"column":null}},"35":{"start":{"line":28,"column":13},"end":{"line":28,"column":26}},"36":{"start":{"line":47,"column":23},"end":{"line":56,"column":null}},"37":{"start":{"line":47,"column":57},"end":{"line":56,"column":null}},"38":{"start":{"line":49,"column":23},"end":{"line":49,"column":null}},"39":{"start":{"line":49,"column":14},"end":{"line":49,"column":null}},"40":{"start":{"line":50,"column":8},"end":{"line":50,"column":null}},"41":{"start":{"line":50,"column":28},"end":{"line":50,"column":null}},"42":{"start":{"line":51,"column":8},"end":{"line":51,"column":null}},"43":{"start":{"line":53,"column":8},"end":{"line":53,"column":null}},"44":{"start":{"line":54,"column":8},"end":{"line":54,"column":null}},"45":{"start":{"line":47,"column":13},"end":{"line":47,"column":23}},"46":{"start":{"line":58,"column":23},"end":{"line":70,"column":null}},"47":{"start":{"line":58,"column":57},"end":{"line":70,"column":null}},"48":{"start":{"line":60,"column":16},"end":{"line":60,"column":27}},"49":{"start":{"line":61,"column":16},"end":{"line":61,"column":27}},"50":{"start":{"line":62,"column":23},"end":{"line":62,"column":null}},"51":{"start":{"line":62,"column":14},"end":{"line":62,"column":null}},"52":{"start":{"line":64,"column":8},"end":{"line":64,"column":null}},"53":{"start":{"line":64,"column":28},"end":{"line":64,"column":null}},"54":{"start":{"line":65,"column":8},"end":{"line":65,"column":null}},"55":{"start":{"line":67,"column":8},"end":{"line":67,"column":null}},"56":{"start":{"line":68,"column":8},"end":{"line":68,"column":null}},"57":{"start":{"line":58,"column":13},"end":{"line":58,"column":23}},"58":{"start":{"line":72,"column":25},"end":{"line":84,"column":null}},"59":{"start":{"line":72,"column":59},"end":{"line":84,"column":null}},"60":{"start":{"line":74,"column":16},"end":{"line":74,"column":27}},"61":{"start":{"line":75,"column":16},"end":{"line":75,"column":27}},"62":{"start":{"line":76,"column":23},"end":{"line":76,"column":null}},"63":{"start":{"line":76,"column":14},"end":{"line":76,"column":null}},"64":{"start":{"line":78,"column":8},"end":{"line":78,"column":null}},"65":{"start":{"line":78,"column":28},"end":{"line":78,"column":null}},"66":{"start":{"line":79,"column":8},"end":{"line":79,"column":null}},"67":{"start":{"line":81,"column":8},"end":{"line":81,"column":null}},"68":{"start":{"line":82,"column":8},"end":{"line":82,"column":null}},"69":{"start":{"line":72,"column":13},"end":{"line":72,"column":25}},"70":{"start":{"line":86,"column":27},"end":{"line":98,"column":null}},"71":{"start":{"line":86,"column":61},"end":{"line":98,"column":null}},"72":{"start":{"line":88,"column":16},"end":{"line":88,"column":27}},"73":{"start":{"line":90,"column":23},"end":{"line":90,"column":null}},"74":{"start":{"line":90,"column":14},"end":{"line":90,"column":null}},"75":{"start":{"line":92,"column":8},"end":{"line":92,"column":null}},"76":{"start":{"line":92,"column":28},"end":{"line":92,"column":null}},"77":{"start":{"line":93,"column":8},"end":{"line":93,"column":null}},"78":{"start":{"line":95,"column":8},"end":{"line":95,"column":null}},"79":{"start":{"line":96,"column":8},"end":{"line":96,"column":null}},"80":{"start":{"line":86,"column":13},"end":{"line":86,"column":27}},"81":{"start":{"line":100,"column":29},"end":{"line":117,"column":null}},"82":{"start":{"line":100,"column":63},"end":{"line":117,"column":null}},"83":{"start":{"line":102,"column":14},"end":{"line":102,"column":38}},"84":{"start":{"line":103,"column":16},"end":{"line":103,"column":27}},"85":{"start":{"line":105,"column":23},"end":{"line":105,"column":null}},"86":{"start":{"line":105,"column":14},"end":{"line":105,"column":null}},"87":{"start":{"line":107,"column":8},"end":{"line":111,"column":null}},"88":{"start":{"line":109,"column":12},"end":{"line":109,"column":null}},"89":{"start":{"line":109,"column":65},"end":{"line":109,"column":null}},"90":{"start":{"line":110,"column":12},"end":{"line":110,"column":null}},"91":{"start":{"line":112,"column":8},"end":{"line":112,"column":null}},"92":{"start":{"line":114,"column":8},"end":{"line":114,"column":null}},"93":{"start":{"line":115,"column":8},"end":{"line":115,"column":null}},"94":{"start":{"line":100,"column":13},"end":{"line":100,"column":29}}},"fnMap":{"0":{"name":"(anonymous_13)","decl":{"start":{"line":6,"column":24},"end":{"line":6,"column":31}},"loc":{"start":{"line":6,"column":58},"end":{"line":14,"column":null}}},"1":{"name":"(anonymous_14)","decl":{"start":{"line":6,"column":58},"end":{"line":6,"column":null}},"loc":{"start":{"line":6,"column":58},"end":{"line":14,"column":null}}},"2":{"name":"(anonymous_16)","decl":{"start":{"line":16,"column":23},"end":{"line":16,"column":30}},"loc":{"start":{"line":16,"column":57},"end":{"line":26,"column":null}}},"3":{"name":"(anonymous_17)","decl":{"start":{"line":16,"column":57},"end":{"line":16,"column":null}},"loc":{"start":{"line":16,"column":57},"end":{"line":26,"column":null}}},"4":{"name":"(anonymous_19)","decl":{"start":{"line":28,"column":26},"end":{"line":28,"column":33}},"loc":{"start":{"line":28,"column":60},"end":{"line":44,"column":null}}},"5":{"name":"(anonymous_20)","decl":{"start":{"line":28,"column":60},"end":{"line":28,"column":null}},"loc":{"start":{"line":28,"column":60},"end":{"line":44,"column":null}}},"6":{"name":"(anonymous_22)","decl":{"start":{"line":47,"column":23},"end":{"line":47,"column":30}},"loc":{"start":{"line":47,"column":57},"end":{"line":56,"column":null}}},"7":{"name":"(anonymous_23)","decl":{"start":{"line":47,"column":57},"end":{"line":47,"column":null}},"loc":{"start":{"line":47,"column":57},"end":{"line":56,"column":null}}},"8":{"name":"(anonymous_25)","decl":{"start":{"line":58,"column":23},"end":{"line":58,"column":30}},"loc":{"start":{"line":58,"column":57},"end":{"line":70,"column":null}}},"9":{"name":"(anonymous_26)","decl":{"start":{"line":58,"column":57},"end":{"line":58,"column":null}},"loc":{"start":{"line":58,"column":57},"end":{"line":70,"column":null}}},"10":{"name":"(anonymous_28)","decl":{"start":{"line":72,"column":25},"end":{"line":72,"column":32}},"loc":{"start":{"line":72,"column":59},"end":{"line":84,"column":null}}},"11":{"name":"(anonymous_29)","decl":{"start":{"line":72,"column":59},"end":{"line":72,"column":null}},"loc":{"start":{"line":72,"column":59},"end":{"line":84,"column":null}}},"12":{"name":"(anonymous_31)","decl":{"start":{"line":86,"column":27},"end":{"line":86,"column":34}},"loc":{"start":{"line":86,"column":61},"end":{"line":98,"column":null}}},"13":{"name":"(anonymous_32)","decl":{"start":{"line":86,"column":61},"end":{"line":86,"column":null}},"loc":{"start":{"line":86,"column":61},"end":{"line":98,"column":null}}},"14":{"name":"(anonymous_34)","decl":{"start":{"line":100,"column":29},"end":{"line":100,"column":36}},"loc":{"start":{"line":100,"column":63},"end":{"line":117,"column":null}}},"15":{"name":"(anonymous_35)","decl":{"start":{"line":100,"column":63},"end":{"line":100,"column":null}},"loc":{"start":{"line":100,"column":63},"end":{"line":117,"column":null}}}},"branchMap":{"0":{"loc":{"start":{"line":20,"column":8},"end":{"line":20,"column":null}},"type":"if","locations":[{"start":{"line":20,"column":8},"end":{"line":20,"column":null}}]},"1":{"loc":{"start":{"line":34,"column":8},"end":{"line":38,"column":null}},"type":"if","locations":[{"start":{"line":34,"column":8},"end":{"line":38,"column":null}}]},"2":{"loc":{"start":{"line":34,"column":12},"end":{"line":34,"column":26}},"type":"cond-expr","locations":[{"start":{"line":34,"column":18},"end":{"line":34,"column":20}},{"start":{"line":34,"column":12},"end":{"line":34,"column":26}}]},"3":{"loc":{"start":{"line":34,"column":12},"end":{"line":34,"column":20}},"type":"binary-expr","locations":[{"start":{"line":34,"column":12},"end":{"line":34,"column":20}},{"start":{"line":34,"column":12},"end":{"line":34,"column":20}}]},"4":{"loc":{"start":{"line":36,"column":12},"end":{"line":36,"column":null}},"type":"if","locations":[{"start":{"line":36,"column":12},"end":{"line":36,"column":null}}]},"5":{"loc":{"start":{"line":36,"column":16},"end":{"line":36,"column":37}},"type":"cond-expr","locations":[{"start":{"line":36,"column":22},"end":{"line":36,"column":24}},{"start":{"line":36,"column":16},"end":{"line":36,"column":37}}]},"6":{"loc":{"start":{"line":36,"column":16},"end":{"line":36,"column":24}},"type":"binary-expr","locations":[{"start":{"line":36,"column":16},"end":{"line":36,"column":24}},{"start":{"line":36,"column":16},"end":{"line":36,"column":24}}]},"7":{"loc":{"start":{"line":50,"column":8},"end":{"line":50,"column":null}},"type":"if","locations":[{"start":{"line":50,"column":8},"end":{"line":50,"column":null}}]},"8":{"loc":{"start":{"line":50,"column":12},"end":{"line":50,"column":26}},"type":"cond-expr","locations":[{"start":{"line":50,"column":18},"end":{"line":50,"column":20}},{"start":{"line":50,"column":12},"end":{"line":50,"column":26}}]},"9":{"loc":{"start":{"line":50,"column":12},"end":{"line":50,"column":20}},"type":"binary-expr","locations":[{"start":{"line":50,"column":12},"end":{"line":50,"column":20}},{"start":{"line":50,"column":12},"end":{"line":50,"column":20}}]},"10":{"loc":{"start":{"line":64,"column":8},"end":{"line":64,"column":null}},"type":"if","locations":[{"start":{"line":64,"column":8},"end":{"line":64,"column":null}}]},"11":{"loc":{"start":{"line":64,"column":12},"end":{"line":64,"column":26}},"type":"cond-expr","locations":[{"start":{"line":64,"column":18},"end":{"line":64,"column":20}},{"start":{"line":64,"column":12},"end":{"line":64,"column":26}}]},"12":{"loc":{"start":{"line":64,"column":12},"end":{"line":64,"column":20}},"type":"binary-expr","locations":[{"start":{"line":64,"column":12},"end":{"line":64,"column":20}},{"start":{"line":64,"column":12},"end":{"line":64,"column":20}}]},"13":{"loc":{"start":{"line":78,"column":8},"end":{"line":78,"column":null}},"type":"if","locations":[{"start":{"line":78,"column":8},"end":{"line":78,"column":null}}]},"14":{"loc":{"start":{"line":78,"column":12},"end":{"line":78,"column":26}},"type":"cond-expr","locations":[{"start":{"line":78,"column":18},"end":{"line":78,"column":20}},{"start":{"line":78,"column":12},"end":{"line":78,"column":26}}]},"15":{"loc":{"start":{"line":78,"column":12},"end":{"line":78,"column":20}},"type":"binary-expr","locations":[{"start":{"line":78,"column":12},"end":{"line":78,"column":20}},{"start":{"line":78,"column":12},"end":{"line":78,"column":20}}]},"16":{"loc":{"start":{"line":92,"column":8},"end":{"line":92,"column":null}},"type":"if","locations":[{"start":{"line":92,"column":8},"end":{"line":92,"column":null}}]},"17":{"loc":{"start":{"line":92,"column":12},"end":{"line":92,"column":26}},"type":"cond-expr","locations":[{"start":{"line":92,"column":18},"end":{"line":92,"column":20}},{"start":{"line":92,"column":12},"end":{"line":92,"column":26}}]},"18":{"loc":{"start":{"line":92,"column":12},"end":{"line":92,"column":20}},"type":"binary-expr","locations":[{"start":{"line":92,"column":12},"end":{"line":92,"column":20}},{"start":{"line":92,"column":12},"end":{"line":92,"column":20}}]},"19":{"loc":{"start":{"line":107,"column":8},"end":{"line":111,"column":null}},"type":"if","locations":[{"start":{"line":107,"column":8},"end":{"line":111,"column":null}}]},"20":{"loc":{"start":{"line":107,"column":12},"end":{"line":107,"column":26}},"type":"cond-expr","locations":[{"start":{"line":107,"column":18},"end":{"line":107,"column":20}},{"start":{"line":107,"column":12},"end":{"line":107,"column":26}}]},"21":{"loc":{"start":{"line":107,"column":12},"end":{"line":107,"column":20}},"type":"binary-expr","locations":[{"start":{"line":107,"column":12},"end":{"line":107,"column":20}},{"start":{"line":107,"column":12},"end":{"line":107,"column":20}}]},"22":{"loc":{"start":{"line":109,"column":12},"end":{"line":109,"column":null}},"type":"if","locations":[{"start":{"line":109,"column":12},"end":{"line":109,"column":null}}]},"23":{"loc":{"start":{"line":109,"column":16},"end":{"line":109,"column":37}},"type":"cond-expr","locations":[{"start":{"line":109,"column":22},"end":{"line":109,"column":24}},{"start":{"line":109,"column":16},"end":{"line":109,"column":37}}]},"24":{"loc":{"start":{"line":109,"column":16},"end":{"line":109,"column":24}},"type":"binary-expr","locations":[{"start":{"line":109,"column":16},"end":{"line":109,"column":24}},{"start":{"line":109,"column":16},"end":{"line":109,"column":24}}]}},"s":{"0":1,"1":1,"2":1,"3":1,"4":2,"5":2,"6":2,"7":1,"8":1,"9":1,"10":1,"11":1,"12":3,"13":3,"14":3,"15":3,"16":2,"17":1,"18":1,"19":1,"20":1,"21":1,"22":1,"23":4,"24":4,"25":4,"26":4,"27":4,"28":3,"29":2,"30":1,"31":1,"32":1,"33":1,"34":1,"35":1,"36":1,"37":1,"38":1,"39":1,"40":1,"41":0,"42":1,"43":0,"44":0,"45":1,"46":1,"47":3,"48":3,"49":3,"50":3,"51":3,"52":3,"53":1,"54":2,"55":0,"56":0,"57":1,"58":1,"59":3,"60":3,"61":3,"62":3,"63":3,"64":3,"65":2,"66":1,"67":0,"68":0,"69":1,"70":1,"71":3,"72":3,"73":3,"74":3,"75":2,"76":1,"77":1,"78":1,"79":1,"80":1,"81":1,"82":4,"83":4,"84":4,"85":4,"86":4,"87":3,"88":2,"89":1,"90":1,"91":1,"92":1,"93":1,"94":1},"f":{"0":2,"1":2,"2":3,"3":3,"4":4,"5":4,"6":1,"7":1,"8":3,"9":3,"10":3,"11":3,"12":3,"13":3,"14":4,"15":4},"b":{"0":[1],"1":[2],"2":[0,3],"3":[3,3],"4":[1],"5":[0,2],"6":[2,2],"7":[0],"8":[0,1],"9":[1,1],"10":[1],"11":[0,3],"12":[3,3],"13":[2],"14":[0,3],"15":[3,3],"16":[1],"17":[0,2],"18":[2,2],"19":[2],"20":[0,3],"21":[3,3],"22":[1],"23":[0,2],"24":[2,2]}}
,"C:\\Users\\EricHong\\Desktop\\learn-front-end\\DevBlog\\backend\\src\\controllers\\profiles.controller.ts": {"path":"C:\\Users\\EricHong\\Desktop\\learn-front-end\\DevBlog\\backend\\src\\controllers\\profiles.controller.ts","statementMap":{"0":{"start":{"line":2,"column":0},"end":{"line":2,"column":48}},"1":{"start":{"line":3,"column":0},"end":{"line":3,"column":178}},"2":{"start":{"line":4,"column":0},"end":{"line":4,"column":48}},"3":{"start":{"line":6,"column":27},"end":{"line":15,"column":null}},"4":{"start":{"line":6,"column":61},"end":{"line":15,"column":null}},"5":{"start":{"line":9,"column":23},"end":{"line":9,"column":null}},"6":{"start":{"line":9,"column":14},"end":{"line":9,"column":null}},"7":{"start":{"line":10,"column":8},"end":{"line":10,"column":null}},"8":{"start":{"line":12,"column":8},"end":{"line":12,"column":null}},"9":{"start":{"line":13,"column":8},"end":{"line":13,"column":null}},"10":{"start":{"line":6,"column":13},"end":{"line":6,"column":27}},"11":{"start":{"line":17,"column":26},"end":{"line":27,"column":null}},"12":{"start":{"line":17,"column":60},"end":{"line":27,"column":null}},"13":{"start":{"line":20,"column":23},"end":{"line":20,"column":null}},"14":{"start":{"line":20,"column":14},"end":{"line":20,"column":null}},"15":{"start":{"line":21,"column":8},"end":{"line":21,"column":null}},"16":{"start":{"line":21,"column":28},"end":{"line":21,"column":null}},"17":{"start":{"line":22,"column":8},"end":{"line":22,"column":null}},"18":{"start":{"line":24,"column":8},"end":{"line":24,"column":null}},"19":{"start":{"line":25,"column":8},"end":{"line":25,"column":null}},"20":{"start":{"line":17,"column":13},"end":{"line":17,"column":26}},"21":{"start":{"line":29,"column":27},"end":{"line":40,"column":null}},"22":{"start":{"line":29,"column":61},"end":{"line":40,"column":null}},"23":{"start":{"line":31,"column":16},"end":{"line":31,"column":25}},"24":{"start":{"line":32,"column":8},"end":{"line":32,"column":null}},"25":{"start":{"line":33,"column":23},"end":{"line":33,"column":null}},"26":{"start":{"line":33,"column":14},"end":{"line":33,"column":null}},"27":{"start":{"line":34,"column":8},"end":{"line":34,"column":null}},"28":{"start":{"line":34,"column":28},"end":{"line":34,"column":null}},"29":{"start":{"line":35,"column":8},"end":{"line":35,"column":null}},"30":{"start":{"line":37,"column":8},"end":{"line":37,"column":null}},"31":{"start":{"line":38,"column":8},"end":{"line":38,"column":null}},"32":{"start":{"line":29,"column":13},"end":{"line":29,"column":27}},"33":{"start":{"line":42,"column":29},"end":{"line":51,"column":null}},"34":{"start":{"line":42,"column":63},"end":{"line":51,"column":null}},"35":{"start":{"line":44,"column":16},"end":{"line":44,"column":27}},"36":{"start":{"line":45,"column":23},"end":{"line":45,"column":null}},"37":{"start":{"line":45,"column":14},"end":{"line":45,"column":null}},"38":{"start":{"line":46,"column":8},"end":{"line":46,"column":null}},"39":{"start":{"line":48,"column":8},"end":{"line":48,"column":null}},"40":{"start":{"line":49,"column":8},"end":{"line":49,"column":null}},"41":{"start":{"line":42,"column":13},"end":{"line":42,"column":29}},"42":{"start":{"line":53,"column":29},"end":{"line":62,"column":null}},"43":{"start":{"line":53,"column":63},"end":{"line":62,"column":null}},"44":{"start":{"line":55,"column":23},"end":{"line":55,"column":null}},"45":{"start":{"line":55,"column":14},"end":{"line":55,"column":null}},"46":{"start":{"line":56,"column":8},"end":{"line":56,"column":null}},"47":{"start":{"line":56,"column":28},"end":{"line":56,"column":null}},"48":{"start":{"line":57,"column":8},"end":{"line":57,"column":null}},"49":{"start":{"line":59,"column":8},"end":{"line":59,"column":null}},"50":{"start":{"line":60,"column":8},"end":{"line":60,"column":null}},"51":{"start":{"line":53,"column":13},"end":{"line":53,"column":29}},"52":{"start":{"line":64,"column":32},"end":{"line":74,"column":null}},"53":{"start":{"line":64,"column":66},"end":{"line":74,"column":null}},"54":{"start":{"line":66,"column":16},"end":{"line":66,"column":27}},"55":{"start":{"line":67,"column":16},"end":{"line":67,"column":26}},"56":{"start":{"line":68,"column":23},"end":{"line":68,"column":null}},"57":{"start":{"line":68,"column":14},"end":{"line":68,"column":null}},"58":{"start":{"line":69,"column":8},"end":{"line":69,"column":null}},"59":{"start":{"line":71,"column":8},"end":{"line":71,"column":null}},"60":{"start":{"line":72,"column":8},"end":{"line":72,"column":null}},"61":{"start":{"line":64,"column":13},"end":{"line":64,"column":32}},"62":{"start":{"line":76,"column":28},"end":{"line":85,"column":null}},"63":{"start":{"line":76,"column":62},"end":{"line":85,"column":null}},"64":{"start":{"line":78,"column":23},"end":{"line":78,"column":null}},"65":{"start":{"line":78,"column":14},"end":{"line":78,"column":null}},"66":{"start":{"line":79,"column":8},"end":{"line":79,"column":null}},"67":{"start":{"line":79,"column":28},"end":{"line":79,"column":null}},"68":{"start":{"line":80,"column":8},"end":{"line":80,"column":null}},"69":{"start":{"line":82,"column":8},"end":{"line":82,"column":null}},"70":{"start":{"line":83,"column":8},"end":{"line":83,"column":null}},"71":{"start":{"line":76,"column":13},"end":{"line":76,"column":28}},"72":{"start":{"line":87,"column":31},"end":{"line":97,"column":null}},"73":{"start":{"line":87,"column":65},"end":{"line":97,"column":null}},"74":{"start":{"line":89,"column":16},"end":{"line":89,"column":27}},"75":{"start":{"line":90,"column":16},"end":{"line":90,"column":26}},"76":{"start":{"line":91,"column":23},"end":{"line":91,"column":null}},"77":{"start":{"line":91,"column":14},"end":{"line":91,"column":null}},"78":{"start":{"line":92,"column":8},"end":{"line":92,"column":null}},"79":{"start":{"line":94,"column":8},"end":{"line":94,"column":null}},"80":{"start":{"line":95,"column":8},"end":{"line":95,"column":null}},"81":{"start":{"line":87,"column":13},"end":{"line":87,"column":31}}},"fnMap":{"0":{"name":"(anonymous_13)","decl":{"start":{"line":6,"column":27},"end":{"line":6,"column":34}},"loc":{"start":{"line":6,"column":61},"end":{"line":15,"column":null}}},"1":{"name":"(anonymous_14)","decl":{"start":{"line":6,"column":61},"end":{"line":6,"column":null}},"loc":{"start":{"line":6,"column":61},"end":{"line":15,"column":null}}},"2":{"name":"(anonymous_16)","decl":{"start":{"line":17,"column":26},"end":{"line":17,"column":33}},"loc":{"start":{"line":17,"column":60},"end":{"line":27,"column":null}}},"3":{"name":"(anonymous_17)","decl":{"start":{"line":17,"column":60},"end":{"line":17,"column":null}},"loc":{"start":{"line":17,"column":60},"end":{"line":27,"column":null}}},"4":{"name":"(anonymous_19)","decl":{"start":{"line":29,"column":27},"end":{"line":29,"column":34}},"loc":{"start":{"line":29,"column":61},"end":{"line":40,"column":null}}},"5":{"name":"(anonymous_20)","decl":{"start":{"line":29,"column":61},"end":{"line":29,"column":null}},"loc":{"start":{"line":29,"column":61},"end":{"line":40,"column":null}}},"6":{"name":"(anonymous_22)","decl":{"start":{"line":42,"column":29},"end":{"line":42,"column":36}},"loc":{"start":{"line":42,"column":63},"end":{"line":51,"column":null}}},"7":{"name":"(anonymous_23)","decl":{"start":{"line":42,"column":63},"end":{"line":42,"column":null}},"loc":{"start":{"line":42,"column":63},"end":{"line":51,"column":null}}},"8":{"name":"(anonymous_25)","decl":{"start":{"line":53,"column":29},"end":{"line":53,"column":36}},"loc":{"start":{"line":53,"column":63},"end":{"line":62,"column":null}}},"9":{"name":"(anonymous_26)","decl":{"start":{"line":53,"column":63},"end":{"line":53,"column":null}},"loc":{"start":{"line":53,"column":63},"end":{"line":62,"column":null}}},"10":{"name":"(anonymous_28)","decl":{"start":{"line":64,"column":32},"end":{"line":64,"column":39}},"loc":{"start":{"line":64,"column":66},"end":{"line":74,"column":null}}},"11":{"name":"(anonymous_29)","decl":{"start":{"line":64,"column":66},"end":{"line":64,"column":null}},"loc":{"start":{"line":64,"column":66},"end":{"line":74,"column":null}}},"12":{"name":"(anonymous_31)","decl":{"start":{"line":76,"column":28},"end":{"line":76,"column":35}},"loc":{"start":{"line":76,"column":62},"end":{"line":85,"column":null}}},"13":{"name":"(anonymous_32)","decl":{"start":{"line":76,"column":62},"end":{"line":76,"column":null}},"loc":{"start":{"line":76,"column":62},"end":{"line":85,"column":null}}},"14":{"name":"(anonymous_34)","decl":{"start":{"line":87,"column":31},"end":{"line":87,"column":38}},"loc":{"start":{"line":87,"column":65},"end":{"line":97,"column":null}}},"15":{"name":"(anonymous_35)","decl":{"start":{"line":87,"column":65},"end":{"line":87,"column":null}},"loc":{"start":{"line":87,"column":65},"end":{"line":97,"column":null}}}},"branchMap":{"0":{"loc":{"start":{"line":21,"column":8},"end":{"line":21,"column":null}},"type":"if","locations":[{"start":{"line":21,"column":8},"end":{"line":21,"column":null}}]},"1":{"loc":{"start":{"line":21,"column":12},"end":{"line":21,"column":26}},"type":"cond-expr","locations":[{"start":{"line":21,"column":18},"end":{"line":21,"column":20}},{"start":{"line":21,"column":12},"end":{"line":21,"column":26}}]},"2":{"loc":{"start":{"line":21,"column":12},"end":{"line":21,"column":20}},"type":"binary-expr","locations":[{"start":{"line":21,"column":12},"end":{"line":21,"column":20}},{"start":{"line":21,"column":12},"end":{"line":21,"column":20}}]},"3":{"loc":{"start":{"line":34,"column":8},"end":{"line":34,"column":null}},"type":"if","locations":[{"start":{"line":34,"column":8},"end":{"line":34,"column":null}}]},"4":{"loc":{"start":{"line":34,"column":12},"end":{"line":34,"column":26}},"type":"cond-expr","locations":[{"start":{"line":34,"column":18},"end":{"line":34,"column":20}},{"start":{"line":34,"column":12},"end":{"line":34,"column":26}}]},"5":{"loc":{"start":{"line":34,"column":12},"end":{"line":34,"column":20}},"type":"binary-expr","locations":[{"start":{"line":34,"column":12},"end":{"line":34,"column":20}},{"start":{"line":34,"column":12},"end":{"line":34,"column":20}}]},"6":{"loc":{"start":{"line":56,"column":8},"end":{"line":56,"column":null}},"type":"if","locations":[{"start":{"line":56,"column":8},"end":{"line":56,"column":null}}]},"7":{"loc":{"start":{"line":56,"column":12},"end":{"line":56,"column":26}},"type":"cond-expr","locations":[{"start":{"line":56,"column":18},"end":{"line":56,"column":20}},{"start":{"line":56,"column":12},"end":{"line":56,"column":26}}]},"8":{"loc":{"start":{"line":56,"column":12},"end":{"line":56,"column":20}},"type":"binary-expr","locations":[{"start":{"line":56,"column":12},"end":{"line":56,"column":20}},{"start":{"line":56,"column":12},"end":{"line":56,"column":20}}]},"9":{"loc":{"start":{"line":79,"column":8},"end":{"line":79,"column":null}},"type":"if","locations":[{"start":{"line":79,"column":8},"end":{"line":79,"column":null}}]},"10":{"loc":{"start":{"line":79,"column":12},"end":{"line":79,"column":26}},"type":"cond-expr","locations":[{"start":{"line":79,"column":18},"end":{"line":79,"column":20}},{"start":{"line":79,"column":12},"end":{"line":79,"column":26}}]},"11":{"loc":{"start":{"line":79,"column":12},"end":{"line":79,"column":20}},"type":"binary-expr","locations":[{"start":{"line":79,"column":12},"end":{"line":79,"column":20}},{"start":{"line":79,"column":12},"end":{"line":79,"column":20}}]}},"s":{"0":1,"1":1,"2":1,"3":1,"4":2,"5":2,"6":2,"7":1,"8":1,"9":1,"10":1,"11":1,"12":3,"13":3,"14":3,"15":2,"16":1,"17":1,"18":1,"19":1,"20":1,"21":1,"22":3,"23":3,"24":3,"25":3,"26":3,"27":2,"28":1,"29":1,"30":1,"31":1,"32":1,"33":1,"34":4,"35":4,"36":4,"37":4,"38":2,"39":2,"40":2,"41":1,"42":1,"43":3,"44":3,"45":3,"46":3,"47":1,"48":2,"49":0,"50":0,"51":1,"52":1,"53":2,"54":2,"55":2,"56":2,"57":2,"58":1,"59":1,"60":1,"61":1,"62":1,"63":3,"64":3,"65":3,"66":2,"67":1,"68":1,"69":1,"70":1,"71":1,"72":1,"73":2,"74":2,"75":2,"76":2,"77":2,"78":1,"79":1,"80":1,"81":1},"f":{"0":2,"1":2,"2":3,"3":3,"4":3,"5":3,"6":4,"7":4,"8":3,"9":3,"10":2,"11":2,"12":3,"13":3,"14":2,"15":2},"b":{"0":[1],"1":[0,2],"2":[2,2],"3":[1],"4":[0,2],"5":[2,2],"6":[1],"7":[0,3],"8":[3,3],"9":[1],"10":[0,2],"11":[2,2]}}
,"C:\\Users\\EricHong\\Desktop\\learn-front-end\\DevBlog\\backend\\src\\controllers\\users.controller.ts": {"path":"C:\\Users\\EricHong\\Desktop\\learn-front-end\\DevBlog\\backend\\src\\controllers\\users.controller.ts","statementMap":{"0":{"start":{"line":2,"column":0},"end":{"line":2,"column":73}},"1":{"start":{"line":3,"column":0},"end":{"line":3,"column":48}},"2":{"start":{"line":4,"column":0},"end":{"line":4,"column":48}},"3":{"start":{"line":6,"column":24},"end":{"line":19,"column":null}},"4":{"start":{"line":6,"column":58},"end":{"line":19,"column":null}},"5":{"start":{"line":8,"column":16},"end":{"line":8,"column":25}},"6":{"start":{"line":9,"column":23},"end":{"line":9,"column":null}},"7":{"start":{"line":9,"column":14},"end":{"line":9,"column":null}},"8":{"start":{"line":11,"column":8},"end":{"line":11,"column":null}},"9":{"start":{"line":11,"column":27},"end":{"line":11,"column":null}},"10":{"start":{"line":12,"column":8},"end":{"line":12,"column":null}},"11":{"start":{"line":15,"column":8},"end":{"line":15,"column":null}},"12":{"start":{"line":16,"column":8},"end":{"line":16,"column":null}},"13":{"start":{"line":6,"column":13},"end":{"line":6,"column":24}},"14":{"start":{"line":21,"column":21},"end":{"line":34,"column":null}},"15":{"start":{"line":21,"column":55},"end":{"line":34,"column":null}},"16":{"start":{"line":23,"column":16},"end":{"line":23,"column":25}},"17":{"start":{"line":25,"column":23},"end":{"line":25,"column":null}},"18":{"start":{"line":25,"column":14},"end":{"line":25,"column":null}},"19":{"start":{"line":27,"column":8},"end":{"line":27,"column":null}},"20":{"start":{"line":27,"column":28},"end":{"line":27,"column":null}},"21":{"start":{"line":28,"column":8},"end":{"line":28,"column":null}},"22":{"start":{"line":31,"column":8},"end":{"line":31,"column":null}},"23":{"start":{"line":32,"column":8},"end":{"line":32,"column":null}},"24":{"start":{"line":21,"column":13},"end":{"line":21,"column":21}}},"fnMap":{"0":{"name":"(anonymous_13)","decl":{"start":{"line":6,"column":24},"end":{"line":6,"column":31}},"loc":{"start":{"line":6,"column":58},"end":{"line":19,"column":null}}},"1":{"name":"(anonymous_14)","decl":{"start":{"line":6,"column":58},"end":{"line":6,"column":null}},"loc":{"start":{"line":6,"column":58},"end":{"line":19,"column":null}}},"2":{"name":"(anonymous_16)","decl":{"start":{"line":21,"column":21},"end":{"line":21,"column":28}},"loc":{"start":{"line":21,"column":55},"end":{"line":34,"column":null}}},"3":{"name":"(anonymous_17)","decl":{"start":{"line":21,"column":55},"end":{"line":21,"column":null}},"loc":{"start":{"line":21,"column":55},"end":{"line":34,"column":null}}}},"branchMap":{"0":{"loc":{"start":{"line":11,"column":8},"end":{"line":11,"column":null}},"type":"if","locations":[{"start":{"line":11,"column":8},"end":{"line":11,"column":null}}]},"1":{"loc":{"start":{"line":27,"column":8},"end":{"line":27,"column":null}},"type":"if","locations":[{"start":{"line":27,"column":8},"end":{"line":27,"column":null}}]},"2":{"loc":{"start":{"line":27,"column":12},"end":{"line":27,"column":26}},"type":"cond-expr","locations":[{"start":{"line":27,"column":18},"end":{"line":27,"column":20}},{"start":{"line":27,"column":12},"end":{"line":27,"column":26}}]},"3":{"loc":{"start":{"line":27,"column":12},"end":{"line":27,"column":20}},"type":"binary-expr","locations":[{"start":{"line":27,"column":12},"end":{"line":27,"column":20}},{"start":{"line":27,"column":12},"end":{"line":27,"column":20}}]}},"s":{"0":1,"1":1,"2":1,"3":1,"4":3,"5":3,"6":3,"7":3,"8":2,"9":1,"10":2,"11":1,"12":1,"13":1,"14":1,"15":3,"16":3,"17":3,"18":3,"19":2,"20":1,"21":1,"22":1,"23":1,"24":1},"f":{"0":3,"1":3,"2":3,"3":3},"b":{"0":[1],"1":[1],"2":[0,2],"3":[2,2]}}
,"C:\\Users\\EricHong\\Desktop\\learn-front-end\\DevBlog\\backend\\src\\middleware\\auth.ts": {"path":"C:\\Users\\EricHong\\Desktop\\learn-front-end\\DevBlog\\backend\\src\\middleware\\auth.ts","statementMap":{"0":{"start":{"line":2,"column":0},"end":{"line":2,"column":48}},"1":{"start":{"line":3,"column":0},"end":{"line":3,"column":30}},"2":{"start":{"line":4,"column":0},"end":{"line":4,"column":27}},"3":{"start":{"line":5,"column":0},"end":{"line":5,"column":48}},"4":{"start":{"line":8,"column":13},"end":{"line":25,"column":1}},"5":{"start":{"line":10,"column":18},"end":{"line":10,"column":44}},"6":{"start":{"line":12,"column":4},"end":{"line":14,"column":null}},"7":{"start":{"line":13,"column":8},"end":{"line":13,"column":100}},"8":{"start":{"line":17,"column":4},"end":{"line":24,"column":null}},"9":{"start":{"line":18,"column":24},"end":{"line":18,"column":91}},"10":{"start":{"line":20,"column":8},"end":{"line":20,"column":null}},"11":{"start":{"line":21,"column":8},"end":{"line":21,"column":15}},"12":{"start":{"line":23,"column":8},"end":{"line":23,"column":88}},"13":{"start":{"line":27,"column":0},"end":{"line":27,"column":null}}},"fnMap":{"0":{"name":"(anonymous_1)","decl":{"start":{"line":8,"column":13},"end":{"line":8,"column":14}},"loc":{"start":{"line":8,"column":57},"end":{"line":25,"column":1}}}},"branchMap":{"0":{"loc":{"start":{"line":12,"column":4},"end":{"line":14,"column":null}},"type":"if","locations":[{"start":{"line":12,"column":4},"end":{"line":14,"column":null}}]},"1":{"loc":{"start":{"line":18,"column":42},"end":{"line":18,"column":90}},"type":"binary-expr","locations":[{"start":{"line":18,"column":42},"end":{"line":18,"column":63}},{"start":{"line":18,"column":67},"end":{"line":18,"column":90}}]}},"s":{"0":1,"1":1,"2":1,"3":1,"4":1,"5":2,"6":2,"7":0,"8":2,"9":2,"10":0,"11":0,"12":2,"13":1},"f":{"0":2},"b":{"0":[0],"1":[2,2]}}
,"C:\\Users\\EricHong\\Desktop\\learn-front-end\\DevBlog\\backend\\src\\models\\Post.model.ts": {"path":"C:\\Users\\EricHong\\Desktop\\learn-front-end\\DevBlog\\backend\\src\\models\\Post.model.ts","statementMap":{"0":{"start":{"line":1,"column":0},"end":{"line":1,"column":32}},"1":{"start":{"line":32,"column":19},"end":{"line":78,"column":2}},"2":{"start":{"line":80,"column":13},"end":{"line":80,"column":57}},"3":{"start":{"line":82,"column":0},"end":{"line":82,"column":null}}},"fnMap":{},"branchMap":{},"s":{"0":2,"1":2,"2":2,"3":2},"f":{},"b":{}}
,"C:\\Users\\EricHong\\Desktop\\learn-front-end\\DevBlog\\backend\\src\\models\\Profile.model.ts": {"path":"C:\\Users\\EricHong\\Desktop\\learn-front-end\\DevBlog\\backend\\src\\models\\Profile.model.ts","statementMap":{"0":{"start":{"line":1,"column":0},"end":{"line":1,"column":32}},"1":{"start":{"line":47,"column":22},"end":{"line":155,"column":2}},"2":{"start":{"line":157,"column":16},"end":{"line":157,"column":69}},"3":{"start":{"line":159,"column":0},"end":{"line":159,"column":null}}},"fnMap":{},"branchMap":{},"s":{"0":2,"1":2,"2":2,"3":2},"f":{},"b":{}}
,"C:\\Users\\EricHong\\Desktop\\learn-front-end\\DevBlog\\backend\\src\\models\\User.model.ts": {"path":"C:\\Users\\EricHong\\Desktop\\learn-front-end\\DevBlog\\backend\\src\\models\\User.model.ts","statementMap":{"0":{"start":{"line":1,"column":0},"end":{"line":1,"column":32}},"1":{"start":{"line":11,"column":19},"end":{"line":32,"column":2}},"2":{"start":{"line":34,"column":13},"end":{"line":34,"column":53}},"3":{"start":{"line":36,"column":0},"end":{"line":36,"column":null}}},"fnMap":{},"branchMap":{},"s":{"0":8,"1":8,"2":8,"3":8},"f":{},"b":{}}
,"C:\\Users\\EricHong\\Desktop\\learn-front-end\\DevBlog\\backend\\src\\services\\auth.service.ts": {"path":"C:\\Users\\EricHong\\Desktop\\learn-front-end\\DevBlog\\backend\\src\\services\\auth.service.ts","statementMap":{"0":{"start":{"line":1,"column":0},"end":{"line":1,"column":40}},"1":{"start":{"line":3,"column":23},"end":{"line":6,"column":null}},"2":{"start":{"line":3,"column":44},"end":{"line":6,"column":null}},"3":{"start":{"line":4,"column":17},"end":{"line":4,"column":null}},"4":{"start":{"line":4,"column":10},"end":{"line":4,"column":null}},"5":{"start":{"line":5,"column":4},"end":{"line":5,"column":16}},"6":{"start":{"line":3,"column":13},"end":{"line":3,"column":23}}},"fnMap":{"0":{"name":"(anonymous_14)","decl":{"start":{"line":3,"column":23},"end":{"line":3,"column":30}},"loc":{"start":{"line":3,"column":44},"end":{"line":6,"column":null}}},"1":{"name":"(anonymous_15)","decl":{"start":{"line":3,"column":44},"end":{"line":3,"column":null}},"loc":{"start":{"line":3,"column":44},"end":{"line":6,"column":null}}}},"branchMap":{"0":{"loc":{"start":{"line":4,"column":17},"end":{"line":4,"column":null}},"type":"switch","locations":[{"start":{"line":4,"column":17},"end":{"line":4,"column":null}}]}},"s":{"0":2,"1":2,"2":2,"3":2,"4":2,"5":2,"6":2},"f":{"0":2,"1":2},"b":{"0":[2]}}
,"C:\\Users\\EricHong\\Desktop\\learn-front-end\\DevBlog\\backend\\src\\services\\posts.service.ts": {"path":"C:\\Users\\EricHong\\Desktop\\learn-front-end\\DevBlog\\backend\\src\\services\\posts.service.ts","statementMap":{"0":{"start":{"line":1,"column":0},"end":{"line":1,"column":32}},"1":{"start":{"line":2,"column":0},"end":{"line":2,"column":63}},"2":{"start":{"line":3,"column":0},"end":{"line":3,"column":40}},"3":{"start":{"line":4,"column":0},"end":{"line":4,"column":48}},"4":{"start":{"line":5,"column":0},"end":{"line":5,"column":64}},"5":{"start":{"line":18,"column":28},"end":{"line":22,"column":null}},"6":{"start":{"line":20,"column":18},"end":{"line":20,"column":null}},"7":{"start":{"line":20,"column":10},"end":{"line":20,"column":null}},"8":{"start":{"line":21,"column":4},"end":{"line":21,"column":null}},"9":{"start":{"line":18,"column":13},"end":{"line":18,"column":28}},"10":{"start":{"line":24,"column":28},"end":{"line":27,"column":null}},"11":{"start":{"line":24,"column":49},"end":{"line":27,"column":null}},"12":{"start":{"line":25,"column":17},"end":{"line":25,"column":56}},"13":{"start":{"line":25,"column":10},"end":{"line":25,"column":null}},"14":{"start":{"line":26,"column":4},"end":{"line":26,"column":null}},"15":{"start":{"line":24,"column":13},"end":{"line":24,"column":28}},"16":{"start":{"line":29,"column":43},"end":{"line":32,"column":null}},"17":{"start":{"line":29,"column":64},"end":{"line":32,"column":null}},"18":{"start":{"line":30,"column":17},"end":{"line":30,"column":null}},"19":{"start":{"line":30,"column":10},"end":{"line":30,"column":null}},"20":{"start":{"line":31,"column":4},"end":{"line":31,"column":null}},"21":{"start":{"line":29,"column":13},"end":{"line":29,"column":43}},"22":{"start":{"line":34,"column":30},"end":{"line":45,"column":null}},"23":{"start":{"line":34,"column":67},"end":{"line":45,"column":null}},"24":{"start":{"line":35,"column":17},"end":{"line":35,"column":null}},"25":{"start":{"line":35,"column":10},"end":{"line":35,"column":null}},"26":{"start":{"line":37,"column":4},"end":{"line":37,"column":null}},"27":{"start":{"line":37,"column":15},"end":{"line":37,"column":null}},"28":{"start":{"line":39,"column":4},"end":{"line":39,"column":86}},"29":{"start":{"line":39,"column":41},"end":{"line":39,"column":86}},"30":{"start":{"line":42,"column":4},"end":{"line":42,"column":24}},"31":{"start":{"line":44,"column":4},"end":{"line":44,"column":18}},"32":{"start":{"line":34,"column":13},"end":{"line":34,"column":30}},"33":{"start":{"line":47,"column":26},"end":{"line":64,"column":null}},"34":{"start":{"line":47,"column":53},"end":{"line":64,"column":null}},"35":{"start":{"line":48,"column":10},"end":{"line":48,"column":null}},"36":{"start":{"line":49,"column":4},"end":{"line":49,"column":null}},"37":{"start":{"line":49,"column":27},"end":{"line":49,"column":null}},"38":{"start":{"line":52,"column":17},"end":{"line":52,"column":null}},"39":{"start":{"line":52,"column":10},"end":{"line":52,"column":null}},"40":{"start":{"line":54,"column":10},"end":{"line":59,"column":7}},"41":{"start":{"line":61,"column":17},"end":{"line":61,"column":null}},"42":{"start":{"line":61,"column":10},"end":{"line":61,"column":null}},"43":{"start":{"line":63,"column":4},"end":{"line":63,"column":null}},"44":{"start":{"line":47,"column":13},"end":{"line":47,"column":26}},"45":{"start":{"line":66,"column":23},"end":{"line":79,"column":null}},"46":{"start":{"line":66,"column":60},"end":{"line":79,"column":null}},"47":{"start":{"line":67,"column":17},"end":{"line":67,"column":null}},"48":{"start":{"line":67,"column":10},"end":{"line":67,"column":null}},"49":{"start":{"line":70,"column":4},"end":{"line":70,"column":125}},"50":{"start":{"line":70,"column":36},"end":{"line":70,"column":68}},"51":{"start":{"line":70,"column":81},"end":{"line":70,"column":125}},"52":{"start":{"line":72,"column":10},"end":{"line":72,"column":null}},"53":{"start":{"line":74,"column":4},"end":{"line":74,"column":43}},"54":{"start":{"line":76,"column":4},"end":{"line":76,"column":22}},"55":{"start":{"line":78,"column":4},"end":{"line":78,"column":22}},"56":{"start":{"line":66,"column":13},"end":{"line":66,"column":23}},"57":{"start":{"line":81,"column":25},"end":{"line":97,"column":null}},"58":{"start":{"line":81,"column":62},"end":{"line":97,"column":null}},"59":{"start":{"line":82,"column":17},"end":{"line":82,"column":null}},"60":{"start":{"line":82,"column":10},"end":{"line":82,"column":null}},"61":{"start":{"line":85,"column":4},"end":{"line":85,"column":122}},"62":{"start":{"line":85,"column":35},"end":{"line":85,"column":67}},"63":{"start":{"line":85,"column":69},"end":{"line":85,"column":122}},"64":{"start":{"line":87,"column":10},"end":{"line":87,"column":null}},"65":{"start":{"line":87,"column":50},"end":{"line":87,"column":82}},"66":{"start":{"line":89,"column":10},"end":{"line":91,"column":25}},"67":{"start":{"line":90,"column":23},"end":{"line":90,"column":44}},"68":{"start":{"line":92,"column":4},"end":{"line":92,"column":38}},"69":{"start":{"line":94,"column":4},"end":{"line":94,"column":22}},"70":{"start":{"line":96,"column":4},"end":{"line":96,"column":18}},"71":{"start":{"line":81,"column":13},"end":{"line":81,"column":25}},"72":{"start":{"line":99,"column":26},"end":{"line":119,"column":null}},"73":{"start":{"line":99,"column":70},"end":{"line":119,"column":null}},"74":{"start":{"line":100,"column":10},"end":{"line":100,"column":null}},"75":{"start":{"line":101,"column":4},"end":{"line":101,"column":null}},"76":{"start":{"line":101,"column":27},"end":{"line":101,"column":null}},"77":{"start":{"line":103,"column":17},"end":{"line":103,"column":null}},"78":{"start":{"line":103,"column":10},"end":{"line":103,"column":null}},"79":{"start":{"line":104,"column":17},"end":{"line":104,"column":null}},"80":{"start":{"line":104,"column":10},"end":{"line":104,"column":null}},"81":{"start":{"line":106,"column":10},"end":{"line":111,"column":6}},"82":{"start":{"line":114,"column":4},"end":{"line":114,"column":39}},"83":{"start":{"line":116,"column":4},"end":{"line":116,"column":23}},"84":{"start":{"line":118,"column":4},"end":{"line":118,"column":26}},"85":{"start":{"line":99,"column":13},"end":{"line":99,"column":26}},"86":{"start":{"line":121,"column":29},"end":{"line":142,"column":null}},"87":{"start":{"line":121,"column":85},"end":{"line":142,"column":null}},"88":{"start":{"line":123,"column":17},"end":{"line":123,"column":null}},"89":{"start":{"line":123,"column":10},"end":{"line":123,"column":null}},"90":{"start":{"line":126,"column":10},"end":{"line":128,"column":6}},"91":{"start":{"line":127,"column":26},"end":{"line":127,"column":null}},"92":{"start":{"line":131,"column":4},"end":{"line":131,"column":66}},"93":{"start":{"line":131,"column":18},"end":{"line":131,"column":66}},"94":{"start":{"line":134,"column":4},"end":{"line":134,"column":89}},"95":{"start":{"line":134,"column":44},"end":{"line":134,"column":89}},"96":{"start":{"line":137,"column":4},"end":{"line":137,"column":71}},"97":{"start":{"line":137,"column":46},"end":{"line":137,"column":48}},"98":{"start":{"line":137,"column":53},"end":{"line":137,"column":70}},"99":{"start":{"line":139,"column":4},"end":{"line":139,"column":22}},"100":{"start":{"line":141,"column":4},"end":{"line":141,"column":null}},"101":{"start":{"line":121,"column":13},"end":{"line":121,"column":29}}},"fnMap":{"0":{"name":"(anonymous_14)","decl":{"start":{"line":18,"column":28},"end":{"line":18,"column":null}},"loc":{"start":{"line":18,"column":28},"end":{"line":22,"column":null}}},"1":{"name":"(anonymous_17)","decl":{"start":{"line":24,"column":28},"end":{"line":24,"column":35}},"loc":{"start":{"line":24,"column":49},"end":{"line":27,"column":null}}},"2":{"name":"(anonymous_18)","decl":{"start":{"line":24,"column":49},"end":{"line":24,"column":null}},"loc":{"start":{"line":24,"column":49},"end":{"line":27,"column":null}}},"3":{"name":"(anonymous_20)","decl":{"start":{"line":29,"column":43},"end":{"line":29,"column":50}},"loc":{"start":{"line":29,"column":64},"end":{"line":32,"column":null}}},"4":{"name":"(anonymous_21)","decl":{"start":{"line":29,"column":64},"end":{"line":29,"column":null}},"loc":{"start":{"line":29,"column":64},"end":{"line":32,"column":null}}},"5":{"name":"(anonymous_23)","decl":{"start":{"line":34,"column":30},"end":{"line":34,"column":37}},"loc":{"start":{"line":34,"column":67},"end":{"line":45,"column":null}}},"6":{"name":"(anonymous_24)","decl":{"start":{"line":34,"column":67},"end":{"line":34,"column":null}},"loc":{"start":{"line":34,"column":67},"end":{"line":45,"column":null}}},"7":{"name":"(anonymous_26)","decl":{"start":{"line":47,"column":26},"end":{"line":47,"column":33}},"loc":{"start":{"line":47,"column":53},"end":{"line":64,"column":null}}},"8":{"name":"(anonymous_27)","decl":{"start":{"line":47,"column":53},"end":{"line":47,"column":null}},"loc":{"start":{"line":47,"column":53},"end":{"line":64,"column":null}}},"9":{"name":"(anonymous_29)","decl":{"start":{"line":66,"column":23},"end":{"line":66,"column":30}},"loc":{"start":{"line":66,"column":60},"end":{"line":79,"column":null}}},"10":{"name":"(anonymous_30)","decl":{"start":{"line":66,"column":60},"end":{"line":66,"column":null}},"loc":{"start":{"line":66,"column":60},"end":{"line":79,"column":null}}},"11":{"name":"(anonymous_32)","decl":{"start":{"line":70,"column":26},"end":{"line":70,"column":27}},"loc":{"start":{"line":70,"column":31},"end":{"line":70,"column":40}}},"12":{"name":"(anonymous_33)","decl":{"start":{"line":81,"column":25},"end":{"line":81,"column":32}},"loc":{"start":{"line":81,"column":62},"end":{"line":97,"column":null}}},"13":{"name":"(anonymous_34)","decl":{"start":{"line":81,"column":62},"end":{"line":81,"column":null}},"loc":{"start":{"line":81,"column":62},"end":{"line":97,"column":null}}},"14":{"name":"(anonymous_36)","decl":{"start":{"line":85,"column":25},"end":{"line":85,"column":26}},"loc":{"start":{"line":85,"column":30},"end":{"line":85,"column":39}}},"15":{"name":"(anonymous_37)","decl":{"start":{"line":87,"column":35},"end":{"line":87,"column":36}},"loc":{"start":{"line":87,"column":45},"end":{"line":87,"column":56}}},"16":{"name":"(anonymous_38)","decl":{"start":{"line":90,"column":13},"end":{"line":90,"column":14}},"loc":{"start":{"line":90,"column":18},"end":{"line":90,"column":27}}},"17":{"name":"(anonymous_39)","decl":{"start":{"line":99,"column":26},"end":{"line":99,"column":33}},"loc":{"start":{"line":99,"column":70},"end":{"line":119,"column":null}}},"18":{"name":"(anonymous_40)","decl":{"start":{"line":99,"column":70},"end":{"line":99,"column":null}},"loc":{"start":{"line":99,"column":70},"end":{"line":119,"column":null}}},"19":{"name":"(anonymous_42)","decl":{"start":{"line":121,"column":29},"end":{"line":121,"column":36}},"loc":{"start":{"line":121,"column":85},"end":{"line":142,"column":null}}},"20":{"name":"(anonymous_43)","decl":{"start":{"line":121,"column":85},"end":{"line":121,"column":null}},"loc":{"start":{"line":121,"column":85},"end":{"line":142,"column":null}}},"21":{"name":"(anonymous_45)","decl":{"start":{"line":127,"column":8},"end":{"line":127,"column":9}},"loc":{"start":{"line":127,"column":21},"end":{"line":127,"column":33}}},"22":{"name":"(anonymous_46)","decl":{"start":{"line":137,"column":41},"end":{"line":137,"column":42}},"loc":{"start":{"line":137,"column":48},"end":{"line":137,"column":55}}}},"branchMap":{"0":{"loc":{"start":{"line":20,"column":18},"end":{"line":20,"column":null}},"type":"switch","locations":[{"start":{"line":20,"column":18},"end":{"line":20,"column":null}}]},"1":{"loc":{"start":{"line":25,"column":17},"end":{"line":25,"column":56}},"type":"switch","locations":[{"start":{"line":25,"column":17},"end":{"line":25,"column":56}}]},"2":{"loc":{"start":{"line":30,"column":17},"end":{"line":30,"column":null}},"type":"switch","locations":[{"start":{"line":30,"column":17},"end":{"line":30,"column":null}}]},"3":{"loc":{"start":{"line":35,"column":17},"end":{"line":35,"column":null}},"type":"switch","locations":[{"start":{"line":35,"column":17},"end":{"line":35,"column":null}}]},"4":{"loc":{"start":{"line":37,"column":4},"end":{"line":37,"column":null}},"type":"if","locations":[{"start":{"line":37,"column":4},"end":{"line":37,"column":null}}]},"5":{"loc":{"start":{"line":39,"column":4},"end":{"line":39,"column":86}},"type":"if","locations":[{"start":{"line":39,"column":4},"end":{"line":39,"column":86}}]},"6":{"loc":{"start":{"line":49,"column":4},"end":{"line":49,"column":null}},"type":"if","locations":[{"start":{"line":49,"column":4},"end":{"line":49,"column":null}}]},"7":{"loc":{"start":{"line":56,"column":14},"end":{"line":56,"column":24}},"type":"cond-expr","locations":[{"start":{"line":56,"column":18},"end":{"line":56,"column":20}},{"start":{"line":56,"column":14},"end":{"line":56,"column":24}}]},"8":{"loc":{"start":{"line":56,"column":14},"end":{"line":56,"column":20}},"type":"binary-expr","locations":[{"start":{"line":56,"column":14},"end":{"line":56,"column":20}},{"start":{"line":56,"column":14},"end":{"line":56,"column":20}}]},"9":{"loc":{"start":{"line":57,"column":16},"end":{"line":57,"column":28}},"type":"cond-expr","locations":[{"start":{"line":57,"column":20},"end":{"line":57,"column":22}},{"start":{"line":57,"column":16},"end":{"line":57,"column":28}}]},"10":{"loc":{"start":{"line":57,"column":16},"end":{"line":57,"column":22}},"type":"binary-expr","locations":[{"start":{"line":57,"column":16},"end":{"line":57,"column":22}},{"start":{"line":57,"column":16},"end":{"line":57,"column":22}}]},"11":{"loc":{"start":{"line":67,"column":17},"end":{"line":67,"column":null}},"type":"switch","locations":[{"start":{"line":67,"column":17},"end":{"line":67,"column":null}}]},"12":{"loc":{"start":{"line":70,"column":4},"end":{"line":70,"column":125}},"type":"if","locations":[{"start":{"line":70,"column":4},"end":{"line":70,"column":125}}]},"13":{"loc":{"start":{"line":82,"column":17},"end":{"line":82,"column":null}},"type":"switch","locations":[{"start":{"line":82,"column":17},"end":{"line":82,"column":null}}]},"14":{"loc":{"start":{"line":85,"column":4},"end":{"line":85,"column":122}},"type":"if","locations":[{"start":{"line":85,"column":4},"end":{"line":85,"column":122}}]},"15":{"loc":{"start":{"line":101,"column":4},"end":{"line":101,"column":null}},"type":"if","locations":[{"start":{"line":101,"column":4},"end":{"line":101,"column":null}}]},"16":{"loc":{"start":{"line":108,"column":14},"end":{"line":108,"column":24}},"type":"cond-expr","locations":[{"start":{"line":108,"column":18},"end":{"line":108,"column":20}},{"start":{"line":108,"column":14},"end":{"line":108,"column":24}}]},"17":{"loc":{"start":{"line":108,"column":14},"end":{"line":108,"column":20}},"type":"binary-expr","locations":[{"start":{"line":108,"column":14},"end":{"line":108,"column":20}},{"start":{"line":108,"column":14},"end":{"line":108,"column":20}}]},"18":{"loc":{"start":{"line":109,"column":16},"end":{"line":109,"column":28}},"type":"cond-expr","locations":[{"start":{"line":109,"column":20},"end":{"line":109,"column":22}},{"start":{"line":109,"column":16},"end":{"line":109,"column":28}}]},"19":{"loc":{"start":{"line":109,"column":16},"end":{"line":109,"column":22}},"type":"binary-expr","locations":[{"start":{"line":109,"column":16},"end":{"line":109,"column":22}},{"start":{"line":109,"column":16},"end":{"line":109,"column":22}}]},"20":{"loc":{"start":{"line":110,"column":14},"end":{"line":110,"column":22}},"type":"cond-expr","locations":[{"start":{"line":110,"column":18},"end":{"line":110,"column":20}},{"start":{"line":110,"column":14},"end":{"line":110,"column":22}}]},"21":{"loc":{"start":{"line":110,"column":14},"end":{"line":110,"column":20}},"type":"binary-expr","locations":[{"start":{"line":110,"column":14},"end":{"line":110,"column":20}},{"start":{"line":110,"column":14},"end":{"line":110,"column":20}}]},"22":{"loc":{"start":{"line":114,"column":4},"end":{"line":114,"column":38}},"type":"cond-expr","locations":[{"start":{"line":114,"column":8},"end":{"line":114,"column":10}},{"start":{"line":114,"column":4},"end":{"line":114,"column":38}}]},"23":{"loc":{"start":{"line":114,"column":4},"end":{"line":114,"column":10}},"type":"binary-expr","locations":[{"start":{"line":114,"column":4},"end":{"line":114,"column":10}},{"start":{"line":114,"column":4},"end":{"line":114,"column":10}}]},"24":{"loc":{"start":{"line":116,"column":10},"end":{"line":116,"column":22}},"type":"cond-expr","locations":[{"start":{"line":116,"column":14},"end":{"line":116,"column":16}},{"start":{"line":116,"column":10},"end":{"line":116,"column":22}}]},"25":{"loc":{"start":{"line":116,"column":10},"end":{"line":116,"column":16}},"type":"binary-expr","locations":[{"start":{"line":116,"column":10},"end":{"line":116,"column":16}},{"start":{"line":116,"column":10},"end":{"line":116,"column":16}}]},"26":{"loc":{"start":{"line":118,"column":11},"end":{"line":118,"column":25}},"type":"cond-expr","locations":[{"start":{"line":118,"column":15},"end":{"line":118,"column":17}},{"start":{"line":118,"column":11},"end":{"line":118,"column":25}}]},"27":{"loc":{"start":{"line":118,"column":11},"end":{"line":118,"column":17}},"type":"binary-expr","locations":[{"start":{"line":118,"column":11},"end":{"line":118,"column":17}},{"start":{"line":118,"column":11},"end":{"line":118,"column":17}}]},"28":{"loc":{"start":{"line":123,"column":17},"end":{"line":123,"column":null}},"type":"switch","locations":[{"start":{"line":123,"column":17},"end":{"line":123,"column":null}}]},"29":{"loc":{"start":{"line":131,"column":4},"end":{"line":131,"column":66}},"type":"if","locations":[{"start":{"line":131,"column":4},"end":{"line":131,"column":66}}]},"30":{"loc":{"start":{"line":134,"column":4},"end":{"line":134,"column":89}},"type":"if","locations":[{"start":{"line":134,"column":4},"end":{"line":134,"column":89}}]}},"s":{"0":2,"1":2,"2":2,"3":2,"4":2,"5":3,"6":1,"7":1,"8":1,"9":2,"10":2,"11":1,"12":1,"13":1,"14":1,"15":2,"16":2,"17":1,"18":1,"19":1,"20":1,"21":2,"22":2,"23":0,"24":0,"25":0,"26":0,"27":0,"28":0,"29":0,"30":0,"31":0,"32":2,"33":2,"34":0,"35":0,"36":0,"37":0,"38":0,"39":0,"40":0,"41":0,"42":0,"43":0,"44":2,"45":2,"46":0,"47":0,"48":0,"49":0,"50":0,"51":0,"52":0,"53":0,"54":0,"55":0,"56":2,"57":2,"58":0,"59":0,"60":0,"61":0,"62":0,"63":0,"64":0,"65":0,"66":0,"67":0,"68":0,"69":0,"70":0,"71":2,"72":2,"73":0,"74":0,"75":0,"76":0,"77":0,"78":0,"79":0,"80":0,"81":0,"82":0,"83":0,"84":0,"85":2,"86":2,"87":0,"88":0,"89":0,"90":0,"91":0,"92":0,"93":0,"94":0,"95":0,"96":0,"97":0,"98":0,"99":0,"100":0,"101":2},"f":{"0":2,"1":1,"2":1,"3":1,"4":1,"5":0,"6":0,"7":0,"8":0,"9":0,"10":0,"11":0,"12":0,"13":0,"14":0,"15":0,"16":0,"17":0,"18":0,"19":0,"20":0,"21":0,"22":0},"b":{"0":[1],"1":[1],"2":[1],"3":[0],"4":[0],"5":[0],"6":[0],"7":[0,0],"8":[0,0],"9":[0,0],"10":[0,0],"11":[0],"12":[0],"13":[0],"14":[0],"15":[0],"16":[0,0],"17":[0,0],"18":[0,0],"19":[0,0],"20":[0,0],"21":[0,0],"22":[0,0],"23":[0,0],"24":[0,0],"25":[0,0],"26":[0,0],"27":[0,0],"28":[0],"29":[0],"30":[0]}}
,"C:\\Users\\EricHong\\Desktop\\learn-front-end\\DevBlog\\backend\\src\\services\\profiles.service.ts": {"path":"C:\\Users\\EricHong\\Desktop\\learn-front-end\\DevBlog\\backend\\src\\services\\profiles.service.ts","statementMap":{"0":{"start":{"line":1,"column":0},"end":{"line":1,"column":82}},"1":{"start":{"line":2,"column":0},"end":{"line":2,"column":40}},"2":{"start":{"line":3,"column":0},"end":{"line":3,"column":47}},"3":{"start":{"line":4,"column":0},"end":{"line":4,"column":32}},"4":{"start":{"line":5,"column":0},"end":{"line":5,"column":102}},"5":{"start":{"line":6,"column":0},"end":{"line":6,"column":28}},"6":{"start":{"line":7,"column":0},"end":{"line":7,"column":44}},"7":{"start":{"line":48,"column":28},"end":{"line":51,"column":null}},"8":{"start":{"line":49,"column":21},"end":{"line":49,"column":null}},"9":{"start":{"line":49,"column":10},"end":{"line":49,"column":null}},"10":{"start":{"line":50,"column":4},"end":{"line":50,"column":null}},"11":{"start":{"line":48,"column":13},"end":{"line":48,"column":28}},"12":{"start":{"line":53,"column":27},"end":{"line":60,"column":null}},"13":{"start":{"line":53,"column":48},"end":{"line":60,"column":null}},"14":{"start":{"line":55,"column":20},"end":{"line":55,"column":null}},"15":{"start":{"line":55,"column":10},"end":{"line":55,"column":null}},"16":{"start":{"line":57,"column":4},"end":{"line":57,"column":null}},"17":{"start":{"line":57,"column":18},"end":{"line":57,"column":null}},"18":{"start":{"line":59,"column":4},"end":{"line":59,"column":null}},"19":{"start":{"line":53,"column":13},"end":{"line":53,"column":27}},"20":{"start":{"line":62,"column":34},"end":{"line":113,"column":null}},"21":{"start":{"line":62,"column":65},"end":{"line":113,"column":null}},"22":{"start":{"line":64,"column":8},"end":{"line":76,"column":null}},"23":{"start":{"line":79,"column":10},"end":{"line":79,"column":48}},"24":{"start":{"line":80,"column":4},"end":{"line":80,"column":null}},"25":{"start":{"line":80,"column":27},"end":{"line":80,"column":null}},"26":{"start":{"line":82,"column":10},"end":{"line":82,"column":44}},"27":{"start":{"line":84,"column":4},"end":{"line":84,"column":49}},"28":{"start":{"line":84,"column":17},"end":{"line":84,"column":49}},"29":{"start":{"line":85,"column":4},"end":{"line":85,"column":49}},"30":{"start":{"line":85,"column":17},"end":{"line":85,"column":49}},"31":{"start":{"line":86,"column":4},"end":{"line":86,"column":52}},"32":{"start":{"line":86,"column":18},"end":{"line":86,"column":52}},"33":{"start":{"line":87,"column":4},"end":{"line":87,"column":37}},"34":{"start":{"line":87,"column":13},"end":{"line":87,"column":37}},"35":{"start":{"line":88,"column":4},"end":{"line":88,"column":46}},"36":{"start":{"line":88,"column":16},"end":{"line":88,"column":46}},"37":{"start":{"line":89,"column":4},"end":{"line":89,"column":70}},"38":{"start":{"line":89,"column":24},"end":{"line":89,"column":70}},"39":{"start":{"line":90,"column":4},"end":{"line":90,"column":86}},"40":{"start":{"line":90,"column":16},"end":{"line":90,"column":86}},"41":{"start":{"line":90,"column":72},"end":{"line":90,"column":85}},"42":{"start":{"line":93,"column":4},"end":{"line":93,"column":40}},"43":{"start":{"line":94,"column":4},"end":{"line":94,"column":56}},"44":{"start":{"line":94,"column":17},"end":{"line":94,"column":56}},"45":{"start":{"line":95,"column":4},"end":{"line":95,"column":56}},"46":{"start":{"line":95,"column":17},"end":{"line":95,"column":56}},"47":{"start":{"line":96,"column":4},"end":{"line":96,"column":62}},"48":{"start":{"line":96,"column":19},"end":{"line":96,"column":62}},"49":{"start":{"line":97,"column":4},"end":{"line":97,"column":59}},"50":{"start":{"line":97,"column":18},"end":{"line":97,"column":59}},"51":{"start":{"line":98,"column":4},"end":{"line":98,"column":59}},"52":{"start":{"line":98,"column":18},"end":{"line":98,"column":59}},"53":{"start":{"line":100,"column":4},"end":{"line":100,"column":73}},"54":{"start":{"line":100,"column":16},"end":{"line":100,"column":73}},"55":{"start":{"line":102,"column":20},"end":{"line":102,"column":null}},"56":{"start":{"line":102,"column":10},"end":{"line":102,"column":null}},"57":{"start":{"line":103,"column":8},"end":{"line":103,"column":15}},"58":{"start":{"line":104,"column":31},"end":{"line":104,"column":null}},"59":{"start":{"line":104,"column":14},"end":{"line":104,"column":null}},"60":{"start":{"line":105,"column":8},"end":{"line":105,"column":null}},"61":{"start":{"line":106,"column":8},"end":{"line":106,"column":30}},"62":{"start":{"line":110,"column":27},"end":{"line":110,"column":null}},"63":{"start":{"line":110,"column":10},"end":{"line":110,"column":null}},"64":{"start":{"line":111,"column":4},"end":{"line":111,"column":null}},"65":{"start":{"line":112,"column":4},"end":{"line":112,"column":null}},"66":{"start":{"line":62,"column":13},"end":{"line":62,"column":34}},"67":{"start":{"line":115,"column":29},"end":{"line":119,"column":null}},"68":{"start":{"line":115,"column":62},"end":{"line":119,"column":null}},"69":{"start":{"line":116,"column":10},"end":{"line":116,"column":54}},"70":{"start":{"line":117,"column":4},"end":{"line":117,"column":32}},"71":{"start":{"line":118,"column":4},"end":{"line":118,"column":26}},"72":{"start":{"line":115,"column":13},"end":{"line":115,"column":29}},"73":{"start":{"line":121,"column":29},"end":{"line":130,"column":null}},"74":{"start":{"line":121,"column":62},"end":{"line":130,"column":null}},"75":{"start":{"line":122,"column":12},"end":{"line":122,"column":21}},"76":{"start":{"line":124,"column":27},"end":{"line":128,"column":null}},"77":{"start":{"line":124,"column":10},"end":{"line":128,"column":null}},"78":{"start":{"line":129,"column":4},"end":{"line":129,"column":null}},"79":{"start":{"line":121,"column":13},"end":{"line":121,"column":29}},"80":{"start":{"line":132,"column":35},"end":{"line":135,"column":null}},"81":{"start":{"line":132,"column":82},"end":{"line":135,"column":null}},"82":{"start":{"line":133,"column":20},"end":{"line":133,"column":null}},"83":{"start":{"line":133,"column":10},"end":{"line":133,"column":null}},"84":{"start":{"line":134,"column":4},"end":{"line":134,"column":null}},"85":{"start":{"line":132,"column":13},"end":{"line":132,"column":35}},"86":{"start":{"line":137,"column":29},"end":{"line":143,"column":null}},"87":{"start":{"line":137,"column":50},"end":{"line":143,"column":null}},"88":{"start":{"line":138,"column":4},"end":{"line":138,"column":null}},"89":{"start":{"line":140,"column":4},"end":{"line":140,"column":null}},"90":{"start":{"line":142,"column":4},"end":{"line":142,"column":null}},"91":{"start":{"line":137,"column":13},"end":{"line":137,"column":29}},"92":{"start":{"line":145,"column":32},"end":{"line":175,"column":null}},"93":{"start":{"line":145,"column":65},"end":{"line":175,"column":null}},"94":{"start":{"line":147,"column":8},"end":{"line":154,"column":null}},"95":{"start":{"line":157,"column":10},"end":{"line":157,"column":55}},"96":{"start":{"line":158,"column":4},"end":{"line":158,"column":null}},"97":{"start":{"line":158,"column":27},"end":{"line":158,"column":null}},"98":{"start":{"line":160,"column":10},"end":{"line":168,"column":20}},"99":{"start":{"line":170,"column":20},"end":{"line":170,"column":null}},"100":{"start":{"line":170,"column":10},"end":{"line":170,"column":null}},"101":{"start":{"line":171,"column":4},"end":{"line":171,"column":41}},"102":{"start":{"line":172,"column":4},"end":{"line":172,"column":20}},"103":{"start":{"line":174,"column":4},"end":{"line":174,"column":null}},"104":{"start":{"line":145,"column":13},"end":{"line":145,"column":32}},"105":{"start":{"line":177,"column":32},"end":{"line":190,"column":null}},"106":{"start":{"line":177,"column":68},"end":{"line":190,"column":null}},"107":{"start":{"line":178,"column":20},"end":{"line":178,"column":null}},"108":{"start":{"line":178,"column":10},"end":{"line":178,"column":null}},"109":{"start":{"line":179,"column":10},"end":{"line":181,"column":null}},"110":{"start":{"line":180,"column":28},"end":{"line":180,"column":null}},"111":{"start":{"line":183,"column":8},"end":{"line":183,"column":19}},"112":{"start":{"line":184,"column":8},"end":{"line":184,"column":null}},"113":{"start":{"line":185,"column":8},"end":{"line":185,"column":null}},"114":{"start":{"line":186,"column":8},"end":{"line":186,"column":30}},"115":{"start":{"line":187,"column":8},"end":{"line":187,"column":null}},"116":{"start":{"line":188,"column":8},"end":{"line":188,"column":null}},"117":{"start":{"line":177,"column":13},"end":{"line":177,"column":32}},"118":{"start":{"line":192,"column":31},"end":{"line":222,"column":null}},"119":{"start":{"line":192,"column":62},"end":{"line":222,"column":null}},"120":{"start":{"line":194,"column":8},"end":{"line":201,"column":null}},"121":{"start":{"line":204,"column":10},"end":{"line":204,"column":53}},"122":{"start":{"line":205,"column":4},"end":{"line":205,"column":null}},"123":{"start":{"line":205,"column":27},"end":{"line":205,"column":null}},"124":{"start":{"line":207,"column":10},"end":{"line":215,"column":6}},"125":{"start":{"line":217,"column":20},"end":{"line":217,"column":null}},"126":{"start":{"line":217,"column":10},"end":{"line":217,"column":null}},"127":{"start":{"line":218,"column":4},"end":{"line":218,"column":40}},"128":{"start":{"line":219,"column":4},"end":{"line":219,"column":20}},"129":{"start":{"line":221,"column":4},"end":{"line":221,"column":null}},"130":{"start":{"line":192,"column":13},"end":{"line":192,"column":31}},"131":{"start":{"line":224,"column":31},"end":{"line":236,"column":null}},"132":{"start":{"line":224,"column":67},"end":{"line":236,"column":null}},"133":{"start":{"line":225,"column":20},"end":{"line":225,"column":null}},"134":{"start":{"line":225,"column":10},"end":{"line":225,"column":null}},"135":{"start":{"line":227,"column":10},"end":{"line":229,"column":null}},"136":{"start":{"line":228,"column":28},"end":{"line":228,"column":null}},"137":{"start":{"line":231,"column":8},"end":{"line":231,"column":19}},"138":{"start":{"line":232,"column":8},"end":{"line":232,"column":null}},"139":{"start":{"line":233,"column":8},"end":{"line":233,"column":30}},"140":{"start":{"line":234,"column":8},"end":{"line":234,"column":null}},"141":{"start":{"line":224,"column":13},"end":{"line":224,"column":31}},"142":{"start":{"line":238,"column":33},"end":{"line":256,"column":null}},"143":{"start":{"line":238,"column":56},"end":{"line":256,"column":null}},"144":{"start":{"line":239,"column":10},"end":{"line":246,"column":6}},"145":{"start":{"line":248,"column":4},"end":{"line":255,"column":7}},"146":{"start":{"line":249,"column":8},"end":{"line":249,"column":40}},"147":{"start":{"line":249,"column":19},"end":{"line":249,"column":40}},"148":{"start":{"line":250,"column":8},"end":{"line":252,"column":null}},"149":{"start":{"line":251,"column":12},"end":{"line":251,"column":56}},"150":{"start":{"line":253,"column":8},"end":{"line":253,"column":null}},"151":{"start":{"line":254,"column":8},"end":{"line":254,"column":null}},"152":{"start":{"line":238,"column":13},"end":{"line":238,"column":33}}},"fnMap":{"0":{"name":"(anonymous_14)","decl":{"start":{"line":48,"column":28},"end":{"line":48,"column":null}},"loc":{"start":{"line":48,"column":28},"end":{"line":51,"column":null}}},"1":{"name":"(anonymous_17)","decl":{"start":{"line":53,"column":27},"end":{"line":53,"column":34}},"loc":{"start":{"line":53,"column":48},"end":{"line":60,"column":null}}},"2":{"name":"(anonymous_18)","decl":{"start":{"line":53,"column":48},"end":{"line":53,"column":null}},"loc":{"start":{"line":53,"column":48},"end":{"line":60,"column":null}}},"3":{"name":"(anonymous_20)","decl":{"start":{"line":62,"column":34},"end":{"line":62,"column":41}},"loc":{"start":{"line":62,"column":65},"end":{"line":113,"column":null}}},"4":{"name":"(anonymous_21)","decl":{"start":{"line":62,"column":65},"end":{"line":62,"column":null}},"loc":{"start":{"line":62,"column":65},"end":{"line":113,"column":null}}},"5":{"name":"(anonymous_23)","decl":{"start":{"line":90,"column":61},"end":{"line":90,"column":62}},"loc":{"start":{"line":90,"column":67},"end":{"line":90,"column":77}}},"6":{"name":"(anonymous_24)","decl":{"start":{"line":115,"column":29},"end":{"line":115,"column":36}},"loc":{"start":{"line":115,"column":62},"end":{"line":119,"column":null}}},"7":{"name":"(anonymous_25)","decl":{"start":{"line":115,"column":62},"end":{"line":115,"column":null}},"loc":{"start":{"line":115,"column":62},"end":{"line":119,"column":null}}},"8":{"name":"(anonymous_27)","decl":{"start":{"line":121,"column":29},"end":{"line":121,"column":36}},"loc":{"start":{"line":121,"column":62},"end":{"line":130,"column":null}}},"9":{"name":"(anonymous_28)","decl":{"start":{"line":121,"column":62},"end":{"line":121,"column":null}},"loc":{"start":{"line":121,"column":62},"end":{"line":130,"column":null}}},"10":{"name":"(anonymous_30)","decl":{"start":{"line":132,"column":35},"end":{"line":132,"column":42}},"loc":{"start":{"line":132,"column":82},"end":{"line":135,"column":null}}},"11":{"name":"(anonymous_31)","decl":{"start":{"line":132,"column":82},"end":{"line":132,"column":null}},"loc":{"start":{"line":132,"column":82},"end":{"line":135,"column":null}}},"12":{"name":"(anonymous_33)","decl":{"start":{"line":137,"column":29},"end":{"line":137,"column":36}},"loc":{"start":{"line":137,"column":50},"end":{"line":143,"column":null}}},"13":{"name":"(anonymous_34)","decl":{"start":{"line":137,"column":50},"end":{"line":137,"column":null}},"loc":{"start":{"line":137,"column":50},"end":{"line":143,"column":null}}},"14":{"name":"(anonymous_36)","decl":{"start":{"line":145,"column":32},"end":{"line":145,"column":39}},"loc":{"start":{"line":145,"column":65},"end":{"line":175,"column":null}}},"15":{"name":"(anonymous_37)","decl":{"start":{"line":145,"column":65},"end":{"line":145,"column":null}},"loc":{"start":{"line":145,"column":65},"end":{"line":175,"column":null}}},"16":{"name":"(anonymous_39)","decl":{"start":{"line":177,"column":32},"end":{"line":177,"column":39}},"loc":{"start":{"line":177,"column":68},"end":{"line":190,"column":null}}},"17":{"name":"(anonymous_40)","decl":{"start":{"line":177,"column":68},"end":{"line":177,"column":null}},"loc":{"start":{"line":177,"column":68},"end":{"line":190,"column":null}}},"18":{"name":"(anonymous_42)","decl":{"start":{"line":180,"column":13},"end":{"line":180,"column":14}},"loc":{"start":{"line":180,"column":23},"end":{"line":180,"column":32}}},"19":{"name":"(anonymous_43)","decl":{"start":{"line":192,"column":31},"end":{"line":192,"column":38}},"loc":{"start":{"line":192,"column":62},"end":{"line":222,"column":null}}},"20":{"name":"(anonymous_44)","decl":{"start":{"line":192,"column":62},"end":{"line":192,"column":null}},"loc":{"start":{"line":192,"column":62},"end":{"line":222,"column":null}}},"21":{"name":"(anonymous_46)","decl":{"start":{"line":224,"column":31},"end":{"line":224,"column":38}},"loc":{"start":{"line":224,"column":67},"end":{"line":236,"column":null}}},"22":{"name":"(anonymous_47)","decl":{"start":{"line":224,"column":67},"end":{"line":224,"column":null}},"loc":{"start":{"line":224,"column":67},"end":{"line":236,"column":null}}},"23":{"name":"(anonymous_49)","decl":{"start":{"line":228,"column":13},"end":{"line":228,"column":14}},"loc":{"start":{"line":228,"column":23},"end":{"line":228,"column":32}}},"24":{"name":"(anonymous_50)","decl":{"start":{"line":238,"column":33},"end":{"line":238,"column":40}},"loc":{"start":{"line":238,"column":56},"end":{"line":256,"column":null}}},"25":{"name":"(anonymous_51)","decl":{"start":{"line":238,"column":56},"end":{"line":238,"column":null}},"loc":{"start":{"line":238,"column":56},"end":{"line":256,"column":null}}},"26":{"name":"(anonymous_53)","decl":{"start":{"line":248,"column":21},"end":{"line":248,"column":22}},"loc":{"start":{"line":248,"column":66},"end":{"line":255,"column":5}}}},"branchMap":{"0":{"loc":{"start":{"line":49,"column":21},"end":{"line":49,"column":null}},"type":"switch","locations":[{"start":{"line":49,"column":21},"end":{"line":49,"column":null}}]},"1":{"loc":{"start":{"line":55,"column":20},"end":{"line":55,"column":null}},"type":"switch","locations":[{"start":{"line":55,"column":20},"end":{"line":55,"column":null}}]},"2":{"loc":{"start":{"line":57,"column":4},"end":{"line":57,"column":null}},"type":"if","locations":[{"start":{"line":57,"column":4},"end":{"line":57,"column":null}}]},"3":{"loc":{"start":{"line":110,"column":27},"end":{"line":110,"column":null}},"type":"switch","locations":[{"start":{"line":110,"column":27},"end":{"line":110,"column":null}}]},"4":{"loc":{"start":{"line":80,"column":4},"end":{"line":80,"column":null}},"type":"if","locations":[{"start":{"line":80,"column":4},"end":{"line":80,"column":null}}]},"5":{"loc":{"start":{"line":84,"column":4},"end":{"line":84,"column":49}},"type":"if","locations":[{"start":{"line":84,"column":4},"end":{"line":84,"column":49}}]},"6":{"loc":{"start":{"line":85,"column":4},"end":{"line":85,"column":49}},"type":"if","locations":[{"start":{"line":85,"column":4},"end":{"line":85,"column":49}}]},"7":{"loc":{"start":{"line":86,"column":4},"end":{"line":86,"column":52}},"type":"if","locations":[{"start":{"line":86,"column":4},"end":{"line":86,"column":52}}]},"8":{"loc":{"start":{"line":87,"column":4},"end":{"line":87,"column":37}},"type":"if","locations":[{"start":{"line":87,"column":4},"end":{"line":87,"column":37}}]},"9":{"loc":{"start":{"line":88,"column":4},"end":{"line":88,"column":46}},"type":"if","locations":[{"start":{"line":88,"column":4},"end":{"line":88,"column":46}}]},"10":{"loc":{"start":{"line":89,"column":4},"end":{"line":89,"column":70}},"type":"if","locations":[{"start":{"line":89,"column":4},"end":{"line":89,"column":70}}]},"11":{"loc":{"start":{"line":90,"column":4},"end":{"line":90,"column":86}},"type":"if","locations":[{"start":{"line":90,"column":4},"end":{"line":90,"column":86}}]},"12":{"loc":{"start":{"line":94,"column":4},"end":{"line":94,"column":56}},"type":"if","locations":[{"start":{"line":94,"column":4},"end":{"line":94,"column":56}}]},"13":{"loc":{"start":{"line":95,"column":4},"end":{"line":95,"column":56}},"type":"if","locations":[{"start":{"line":95,"column":4},"end":{"line":95,"column":56}}]},"14":{"loc":{"start":{"line":96,"column":4},"end":{"line":96,"column":62}},"type":"if","locations":[{"start":{"line":96,"column":4},"end":{"line":96,"column":62}}]},"15":{"loc":{"start":{"line":97,"column":4},"end":{"line":97,"column":59}},"type":"if","locations":[{"start":{"line":97,"column":4},"end":{"line":97,"column":59}}]},"16":{"loc":{"start":{"line":98,"column":4},"end":{"line":98,"column":59}},"type":"if","locations":[{"start":{"line":98,"column":4},"end":{"line":98,"column":59}}]},"17":{"loc":{"start":{"line":100,"column":4},"end":{"line":100,"column":73}},"type":"if","locations":[{"start":{"line":100,"column":4},"end":{"line":100,"column":73}}]},"18":{"loc":{"start":{"line":103,"column":8},"end":{"line":103,"column":15}},"type":"if","locations":[{"start":{"line":103,"column":8},"end":{"line":103,"column":15}}]},"19":{"loc":{"start":{"line":133,"column":20},"end":{"line":133,"column":null}},"type":"switch","locations":[{"start":{"line":133,"column":20},"end":{"line":133,"column":null}}]},"20":{"loc":{"start":{"line":138,"column":4},"end":{"line":138,"column":null}},"type":"switch","locations":[{"start":{"line":138,"column":4},"end":{"line":138,"column":null}}]},"21":{"loc":{"start":{"line":158,"column":4},"end":{"line":158,"column":null}},"type":"if","locations":[{"start":{"line":158,"column":4},"end":{"line":158,"column":null}}]},"22":{"loc":{"start":{"line":171,"column":4},"end":{"line":171,"column":40}},"type":"cond-expr","locations":[{"start":{"line":171,"column":23},"end":{"line":171,"column":25}},{"start":{"line":171,"column":23},"end":{"line":171,"column":40}}]},"23":{"loc":{"start":{"line":171,"column":4},"end":{"line":171,"column":25}},"type":"binary-expr","locations":[{"start":{"line":171,"column":4},"end":{"line":171,"column":25}},{"start":{"line":171,"column":23},"end":{"line":171,"column":25}}]},"24":{"loc":{"start":{"line":171,"column":4},"end":{"line":171,"column":23}},"type":"cond-expr","locations":[{"start":{"line":171,"column":11},"end":{"line":171,"column":13}},{"start":{"line":171,"column":4},"end":{"line":171,"column":23}}]},"25":{"loc":{"start":{"line":171,"column":4},"end":{"line":171,"column":13}},"type":"binary-expr","locations":[{"start":{"line":171,"column":4},"end":{"line":171,"column":13}},{"start":{"line":171,"column":4},"end":{"line":171,"column":13}}]},"26":{"loc":{"start":{"line":172,"column":4},"end":{"line":172,"column":19}},"type":"cond-expr","locations":[{"start":{"line":172,"column":11},"end":{"line":172,"column":13}},{"start":{"line":172,"column":4},"end":{"line":172,"column":19}}]},"27":{"loc":{"start":{"line":172,"column":4},"end":{"line":172,"column":13}},"type":"binary-expr","locations":[{"start":{"line":172,"column":4},"end":{"line":172,"column":13}},{"start":{"line":172,"column":4},"end":{"line":172,"column":13}}]},"28":{"loc
[...]
olumn":13},"end":{"line":67,"column":33}},"52":{"start":{"line":72,"column":30},"end":{"line":75,"column":null}},"53":{"start":{"line":72,"column":50},"end":{"line":75,"column":null}},"54":{"start":{"line":73,"column":17},"end":{"line":73,"column":null}},"55":{"start":{"line":73,"column":10},"end":{"line":73,"column":null}},"56":{"start":{"line":74,"column":4},"end":{"line":74,"column":16}},"57":{"start":{"line":72,"column":13},"end":{"line":72,"column":30}},"58":{"start":{"line":77,"column":29},"end":{"line":80,"column":null}},"59":{"start":{"line":77,"column":79},"end":{"line":80,"column":null}},"60":{"start":{"line":78,"column":20},"end":{"line":78,"column":null}},"61":{"start":{"line":78,"column":10},"end":{"line":78,"column":null}},"62":{"start":{"line":79,"column":4},"end":{"line":79,"column":null}},"63":{"start":{"line":77,"column":13},"end":{"line":77,"column":29}},"64":{"start":{"line":83,"column":28},"end":{"line":89,"column":1}},"65":{"start":{"line":84,"column":4},"end":{"line":88,"column":null}},"66":{"start":{"line":83,"column":13},"end":{"line":83,"column":28}},"67":{"start":{"line":91,"column":31},"end":{"line":95,"column":null}},"68":{"start":{"line":91,"column":54},"end":{"line":95,"column":null}},"69":{"start":{"line":92,"column":17},"end":{"line":92,"column":null}},"70":{"start":{"line":92,"column":10},"end":{"line":92,"column":null}},"71":{"start":{"line":93,"column":30},"end":{"line":93,"column":null}},"72":{"start":{"line":93,"column":10},"end":{"line":93,"column":null}},"73":{"start":{"line":94,"column":4},"end":{"line":94,"column":null}},"74":{"start":{"line":91,"column":13},"end":{"line":91,"column":31}},"75":{"start":{"line":97,"column":27},"end":{"line":107,"column":1}},"76":{"start":{"line":98,"column":20},"end":{"line":102,"column":6}},"77":{"start":{"line":103,"column":22},"end":{"line":103,"column":78}},"78":{"start":{"line":104,"column":18},"end":{"line":104,"column":69}},"79":{"start":{"line":106,"column":4},"end":{"line":106,"column":17}},"80":{"start":{"line":97,"column":13},"end":{"line":97,"column":27}}},"fnMap":{"0":{"name":"(anonymous_14)","decl":{"start":{"line":23,"column":26},"end":{"line":23,"column":33}},"loc":{"start":{"line":23,"column":55},"end":{"line":48,"column":null}}},"1":{"name":"(anonymous_15)","decl":{"start":{"line":23,"column":55},"end":{"line":23,"column":null}},"loc":{"start":{"line":23,"column":55},"end":{"line":48,"column":null}}},"2":{"name":"(anonymous_17)","decl":{"start":{"line":50,"column":32},"end":{"line":50,"column":39}},"loc":{"start":{"line":50,"column":54},"end":{"line":64,"column":null}}},"3":{"name":"(anonymous_18)","decl":{"start":{"line":50,"column":54},"end":{"line":50,"column":null}},"loc":{"start":{"line":50,"column":54},"end":{"line":64,"column":null}}},"4":{"name":"(anonymous_20)","decl":{"start":{"line":67,"column":33},"end":{"line":67,"column":40}},"loc":{"start":{"line":67,"column":53},"end":{"line":70,"column":null}}},"5":{"name":"(anonymous_21)","decl":{"start":{"line":67,"column":53},"end":{"line":67,"column":null}},"loc":{"start":{"line":67,"column":53},"end":{"line":70,"column":null}}},"6":{"name":"(anonymous_23)","decl":{"start":{"line":72,"column":30},"end":{"line":72,"column":37}},"loc":{"start":{"line":72,"column":50},"end":{"line":75,"column":null}}},"7":{"name":"(anonymous_24)","decl":{"start":{"line":72,"column":50},"end":{"line":72,"column":null}},"loc":{"start":{"line":72,"column":50},"end":{"line":75,"column":null}}},"8":{"name":"(anonymous_26)","decl":{"start":{"line":77,"column":29},"end":{"line":77,"column":36}},"loc":{"start":{"line":77,"column":79},"end":{"line":80,"column":null}}},"9":{"name":"(anonymous_27)","decl":{"start":{"line":77,"column":79},"end":{"line":77,"column":null}},"loc":{"start":{"line":77,"column":79},"end":{"line":80,"column":null}}},"10":{"name":"(anonymous_29)","decl":{"start":{"line":83,"column":28},"end":{"line":83,"column":29}},"loc":{"start":{"line":83,"column":42},"end":{"line":89,"column":1}}},"11":{"name":"(anonymous_30)","decl":{"start":{"line":91,"column":31},"end":{"line":91,"column":38}},"loc":{"start":{"line":91,"column":54},"end":{"line":95,"column":null}}},"12":{"name":"(anonymous_31)","decl":{"start":{"line":91,"column":54},"end":{"line":91,"column":null}},"loc":{"start":{"line":91,"column":54},"end":{"line":95,"column":null}}},"13":{"name":"(anonymous_33)","decl":{"start":{"line":97,"column":27},"end":{"line":97,"column":28}},"loc":{"start":{"line":97,"column":42},"end":{"line":107,"column":1}}}},"branchMap":{"0":{"loc":{"start":{"line":24,"column":20},"end":{"line":24,"column":null}},"type":"switch","locations":[{"start":{"line":24,"column":20},"end":{"line":24,"column":null}}]},"1":{"loc":{"start":{"line":25,"column":4},"end":{"line":25,"column":null}},"type":"if","locations":[{"start":{"line":25,"column":4},"end":{"line":25,"column":null}}]},"2":{"loc":{"start":{"line":28,"column":4},"end":{"line":28,"column":null}},"type":"if","locations":[{"start":{"line":28,"column":4},"end":{"line":28,"column":null}}]},"3":{"loc":{"start":{"line":51,"column":19},"end":{"line":51,"column":null}},"type":"switch","locations":[{"start":{"line":51,"column":19},"end":{"line":51,"column":null}}]},"4":{"loc":{"start":{"line":52,"column":4},"end":{"line":52,"column":null}},"type":"if","locations":[{"start":{"line":52,"column":4},"end":{"line":52,"column":null}}]},"5":{"loc":{"start":{"line":56,"column":4},"end":{"line":56,"column":60}},"type":"if","locations":[{"start":{"line":56,"column":4},"end":{"line":56,"column":60}}]},"6":{"loc":{"start":{"line":59,"column":4},"end":{"line":59,"column":63}},"type":"if","locations":[{"start":{"line":59,"column":4},"end":{"line":59,"column":63}}]},"7":{"loc":{"start":{"line":68,"column":17},"end":{"line":68,"column":null}},"type":"switch","locations":[{"start":{"line":68,"column":17},"end":{"line":68,"column":null}}]},"8":{"loc":{"start":{"line":69,"column":11},"end":{"line":69,"column":30}},"type":"cond-expr","locations":[{"start":{"line":69,"column":18},"end":{"line":69,"column":22}},{"start":{"line":69,"column":25},"end":{"line":69,"column":30}}]},"9":{"loc":{"start":{"line":73,"column":17},"end":{"line":73,"column":null}},"type":"switch","locations":[{"start":{"line":73,"column":17},"end":{"line":73,"column":null}}]},"10":{"loc":{"start":{"line":78,"column":20},"end":{"line":78,"column":null}},"type":"switch","locations":[{"start":{"line":78,"column":20},"end":{"line":78,"column":null}}]},"11":{"loc":{"start":{"line":92,"column":17},"end":{"line":92,"column":null}},"type":"switch","locations":[{"start":{"line":92,"column":17},"end":{"line":92,"column":null}}]},"12":{"loc":{"start":{"line":103,"column":22},"end":{"line":103,"column":78}},"type":"binary-expr","locations":[{"start":{"line":103,"column":22},"end":{"line":103,"column":43}},{"start":{"line":103,"column":47},"end":{"line":103,"column":78}}]}},"s":{"0":2,"1":2,"2":2,"3":2,"4":2,"5":2,"6":2,"7":2,"8":2,"9":2,"10":2,"11":2,"12":2,"13":1,"14":1,"15":1,"16":1,"17":0,"18":1,"19":1,"20":1,"21":1,"22":1,"23":1,"24":2,"25":1,"26":1,"27":2,"28":2,"29":2,"30":2,"31":2,"32":2,"33":1,"34":1,"35":1,"36":1,"37":1,"38":1,"39":0,"40":0,"41":0,"42":0,"43":0,"44":0,"45":2,"46":2,"47":4,"48":4,"49":4,"50":4,"51":2,"52":2,"53":3,"54":3,"55":3,"56":3,"57":2,"58":2,"59":2,"60":2,"61":2,"62":2,"63":2,"64":2,"65":2,"66":2,"67":2,"68":2,"69":2,"70":2,"71":2,"72":2,"73":2,"74":2,"75":2,"76":2,"77":2,"78":2,"79":2,"80":2},"f":{"0":2,"1":2,"2":2,"3":2,"4":4,"5":4,"6":3,"7":3,"8":2,"9":2,"10":2,"11":2,"12":2,"13":2},"b":{"0":[2],"1":[1],"2":[0],"3":[2],"4":[1],"5":[1],"6":[0],"7":[4],"8":[2,2],"9":[3],"10":[2],"11":[2],"12":[2,2]}}
,"C:\\Users\\EricHong\\Desktop\\learn-front-end\\DevBlog\\backend\\src\\utils\\connectDB.ts": {"path":"C:\\Users\\EricHong\\Desktop\\learn-front-end\\DevBlog\\backend\\src\\utils\\connectDB.ts","statementMap":{"0":{"start":{"line":1,"column":0},"end":{"line":1,"column":31}},"1":{"start":{"line":2,"column":0},"end":{"line":2,"column":27}},"2":{"start":{"line":4,"column":18},"end":{"line":16,"column":null}},"3":{"start":{"line":6,"column":14},"end":{"line":6,"column":80}},"4":{"start":{"line":7,"column":8},"end":{"line":7,"column":43}},"5":{"start":{"line":8,"column":8},"end":{"line":8,"column":41}},"6":{"start":{"line":10,"column":8},"end":{"line":10,"column":44}},"7":{"start":{"line":12,"column":8},"end":{"line":12,"column":35}},"8":{"start":{"line":14,"column":8},"end":{"line":14,"column":24}},"9":{"start":{"line":18,"column":0},"end":{"line":18,"column":25}}},"fnMap":{"0":{"name":"(anonymous_14)","decl":{"start":{"line":4,"column":18},"end":{"line":4,"column":null}},"loc":{"start":{"line":4,"column":18},"end":{"line":16,"column":null}}}},"branchMap":{"0":{"loc":{"start":{"line":6,"column":25},"end":{"line":6,"column":79}},"type":"binary-expr","locations":[{"start":{"line":6,"column":25},"end":{"line":6,"column":45}},{"start":{"line":6,"column":49},"end":{"line":6,"column":79}}]}},"s":{"0":1,"1":1,"2":2,"3":1,"4":1,"5":2,"6":1,"7":0,"8":0,"9":1},"f":{"0":2},"b":{"0":[1,1]}}
,"C:\\Users\\EricHong\\Desktop\\learn-front-end\\DevBlog\\backend\\src\\utils\\error.ts": {"path":"C:\\Users\\EricHong\\Desktop\\learn-front-end\\DevBlog\\backend\\src\\utils\\error.ts","statementMap":{"0":{"start":{"line":1,"column":30},"end":{"line":3,"column":1}},"1":{"start":{"line":2,"column":4},"end":{"line":2,"column":null}},"2":{"start":{"line":1,"column":13},"end":{"line":1,"column":30}}},"fnMap":{"0":{"name":"(anonymous_0)","decl":{"start":{"line":1,"column":30},"end":{"line":1,"column":31}},"loc":{"start":{"line":1,"column":42},"end":{"line":3,"column":1}}}},"branchMap":{},"s":{"0":12,"1":38,"2":12},"f":{"0":38},"b":{}}
,"C:\\Users\\EricHong\\Desktop\\learn-front-end\\DevBlog\\backend\\src\\utils\\server.ts": {"path":"C:\\Users\\EricHong\\Desktop\\learn-front-end\\DevBlog\\backend\\src\\utils\\server.ts","statementMap":{"0":{"start":{"line":1,"column":0},"end":{"line":1,"column":30}},"1":{"start":{"line":2,"column":0},"end":{"line":2,"column":23}},"2":{"start":{"line":4,"column":21},"end":{"line":22,"column":1}},"3":{"start":{"line":5,"column":16},"end":{"line":5,"column":25}},"4":{"start":{"line":8,"column":4},"end":{"line":8,"column":null}},"5":{"start":{"line":11,"column":24},"end":{"line":17,"column":6}},"6":{"start":{"line":19,"column":4},"end":{"line":19,"column":31}},"7":{"start":{"line":21,"column":4},"end":{"line":21,"column":null}},"8":{"start":{"line":24,"column":0},"end":{"line":24,"column":null}}},"fnMap":{"0":{"name":"(anonymous_1)","decl":{"start":{"line":4,"column":21},"end":{"line":4,"column":null}},"loc":{"start":{"line":4,"column":21},"end":{"line":22,"column":1}}}},"branchMap":{},"s":{"0":2,"1":2,"2":2,"3":2,"4":2,"5":2,"6":2,"7":2,"8":2},"f":{"0":2},"b":{}}
,"C:\\Users\\EricHong\\Desktop\\learn-front-end\\DevBlog\\backend\\src\\utils\\validator.ts": {"path":"C:\\Users\\EricHong\\Desktop\\learn-front-end\\DevBlog\\backend\\src\\utils\\validator.ts","statementMap":{"0":{"start":{"line":1,"column":0},"end":{"line":1,"column":50}},"1":{"start":{"line":2,"column":0},"end":{"line":2,"column":61}},"2":{"start":{"line":7,"column":32},"end":{"line":14,"column":1}},"3":{"start":{"line":8,"column":19},"end":{"line":8,"column":21}},"4":{"start":{"line":10,"column":4},"end":{"line":10,"column":101}},"5":{"start":{"line":10,"column":60},"end":{"line":10,"column":101}},"6":{"start":{"line":11,"column":4},"end":{"line":11,"column":124}},"7":{"start":{"line":11,"column":71},"end":{"line":11,"column":124}},"8":{"start":{"line":12,"column":4},"end":{"line":12,"column":null}},"9":{"start":{"line":12,"column":63},"end":{"line":12,"column":null}},"10":{"start":{"line":13,"column":4},"end":{"line":13,"column":null}},"11":{"start":{"line":7,"column":13},"end":{"line":7,"column":32}},"12":{"start":{"line":16,"column":39},"end":{"line":23,"column":1}},"13":{"start":{"line":17,"column":19},"end":{"line":17,"column":21}},"14":{"start":{"line":19,"column":4},"end":{"line":19,"column":69}},"15":{"start":{"line":19,"column":27},"end":{"line":19,"column":69}},"16":{"start":{"line":20,"column":4},"end":{"line":20,"column":73}},"17":{"start":{"line":20,"column":29},"end":{"line":20,"column":73}},"18":{"start":{"line":21,"column":4},"end":{"line":21,"column":72}},"19":{"start":{"line":21,"column":26},"end":{"line":21,"column":72}},"20":{"start":{"line":22,"column":4},"end":{"line":22,"column":null}},"21":{"start":{"line":16,"column":13},"end":{"line":16,"column":39}},"22":{"start":{"line":25,"column":38},"end":{"line":33,"column":1}},"23":{"start":{"line":26,"column":19},"end":{"line":26,"column":21}},"24":{"start":{"line":28,"column":4},"end":{"line":28,"column":70}},"25":{"start":{"line":28,"column":27},"end":{"line":28,"column":70}},"26":{"start":{"line":29,"column":4},"end":{"line":29,"column":70}},"27":{"start":{"line":29,"column":27},"end":{"line":29,"column":70}},"28":{"start":{"line":30,"column":4},"end":{"line":30,"column":84}},"29":{"start":{"line":30,"column":33},"end":{"line":30,"column":84}},"30":{"start":{"line":31,"column":4},"end":{"line":31,"column":71}},"31":{"start":{"line":31,"column":25},"end":{"line":31,"column":71}},"32":{"start":{"line":32,"column":4},"end":{"line":32,"column":null}},"33":{"start":{"line":25,"column":13},"end":{"line":25,"column":38}},"34":{"start":{"line":35,"column":42},"end":{"line":39,"column":1}},"35":{"start":{"line":36,"column":19},"end":{"line":36,"column":21}},"36":{"start":{"line":37,"column":4},"end":{"line":37,"column":70}},"37":{"start":{"line":37,"column":29},"end":{"line":37,"column":70}},"38":{"start":{"line":38,"column":4},"end":{"line":38,"column":null}},"39":{"start":{"line":35,"column":13},"end":{"line":35,"column":42}},"40":{"start":{"line":41,"column":31},"end":{"line":50,"column":1}},"41":{"start":{"line":42,"column":19},"end":{"line":42,"column":21}},"42":{"start":{"line":44,"column":4},"end":{"line":44,"column":74}},"43":{"start":{"line":44,"column":30},"end":{"line":44,"column":74}},"44":{"start":{"line":45,"column":4},"end":{"line":45,"column":74}},"45":{"start":{"line":45,"column":30},"end":{"line":45,"column":74}},"46":{"start":{"line":46,"column":4},"end":{"line":46,"column":85}},"47":{"start":{"line":46,"column":31},"end":{"line":46,"column":85}},"48":{"start":{"line":47,"column":4},"end":{"line":47,"column":77}},"49":{"start":{"line":47,"column":29},"end":{"line":47,"column":77}},"50":{"start":{"line":48,"column":4},"end":{"line":48,"column":77}},"51":{"start":{"line":48,"column":29},"end":{"line":48,"column":77}},"52":{"start":{"line":49,"column":4},"end":{"line":49,"column":null}},"53":{"start":{"line":41,"column":13},"end":{"line":41,"column":31}}},"fnMap":{"0":{"name":"(anonymous_6)","decl":{"start":{"line":7,"column":32},"end":{"line":7,"column":33}},"loc":{"start":{"line":7,"column":63},"end":{"line":14,"column":1}}},"1":{"name":"(anonymous_7)","decl":{"start":{"line":16,"column":39},"end":{"line":16,"column":40}},"loc":{"start":{"line":16,"column":62},"end":{"line":23,"column":1}}},"2":{"name":"(anonymous_8)","decl":{"start":{"line":25,"column":38},"end":{"line":25,"column":39}},"loc":{"start":{"line":25,"column":59},"end":{"line":33,"column":1}}},"3":{"name":"(anonymous_9)","decl":{"start":{"line":35,"column":42},"end":{"line":35,"column":43}},"loc":{"start":{"line":35,"column":82},"end":{"line":39,"column":1}}},"4":{"name":"(anonymous_10)","decl":{"start":{"line":41,"column":31},"end":{"line":41,"column":32}},"loc":{"start":{"line":41,"column":56},"end":{"line":50,"column":1}}}},"branchMap":{"0":{"loc":{"start":{"line":10,"column":4},"end":{"line":10,"column":101}},"type":"if","locations":[{"start":{"line":10,"column":4},"end":{"line":10,"column":101}}]},"1":{"loc":{"start":{"line":10,"column":8},"end":{"line":10,"column":58}},"type":"binary-expr","locations":[{"start":{"line":10,"column":8},"end":{"line":10,"column":39}},{"start":{"line":10,"column":43},"end":{"line":10,"column":58}}]},"2":{"loc":{"start":{"line":11,"column":4},"end":{"line":11,"column":124}},"type":"if","locations":[{"start":{"line":11,"column":4},"end":{"line":11,"column":124}}]},"3":{"loc":{"start":{"line":11,"column":8},"end":{"line":11,"column":69}},"type":"binary-expr","locations":[{"start":{"line":11,"column":8},"end":{"line":11,"column":24}},{"start":{"line":11,"column":28},"end":{"line":11,"column":69}}]},"4":{"loc":{"start":{"line":12,"column":4},"end":{"line":12,"column":null}},"type":"if","locations":[{"start":{"line":12,"column":4},"end":{"line":12,"column":null}}]},"5":{"loc":{"start":{"line":12,"column":8},"end":{"line":12,"column":61}},"type":"binary-expr","locations":[{"start":{"line":12,"column":8},"end":{"line":12,"column":27}},{"start":{"line":12,"column":31},"end":{"line":12,"column":61}}]},"6":{"loc":{"start":{"line":12,"column":31},"end":{"line":12,"column":57}},"type":"cond-expr","locations":[{"start":{"line":12,"column":49},"end":{"line":12,"column":51}},{"start":{"line":12,"column":49},"end":{"line":12,"column":57}}]},"7":{"loc":{"start":{"line":12,"column":31},"end":{"line":12,"column":51}},"type":"binary-expr","locations":[{"start":{"line":12,"column":31},"end":{"line":12,"column":51}},{"start":{"line":12,"column":49},"end":{"line":12,"column":51}}]},"8":{"loc":{"start":{"line":19,"column":4},"end":{"line":19,"column":69}},"type":"if","locations":[{"start":{"line":19,"column":4},"end":{"line":19,"column":69}}]},"9":{"loc":{"start":{"line":20,"column":4},"end":{"line":20,"column":73}},"type":"if","locations":[{"start":{"line":20,"column":4},"end":{"line":20,"column":73}}]},"10":{"loc":{"start":{"line":21,"column":4},"end":{"line":21,"column":72}},"type":"if","locations":[{"start":{"line":21,"column":4},"end":{"line":21,"column":72}}]},"11":{"loc":{"start":{"line":28,"column":4},"end":{"line":28,"column":70}},"type":"if","locations":[{"start":{"line":28,"column":4},"end":{"line":28,"column":70}}]},"12":{"loc":{"start":{"line":29,"column":4},"end":{"line":29,"column":70}},"type":"if","locations":[{"start":{"line":29,"column":4},"end":{"line":29,"column":70}}]},"13":{"loc":{"start":{"line":30,"column":4},"end":{"line":30,"column":84}},"type":"if","locations":[{"start":{"line":30,"column":4},"end":{"line":30,"column":84}}]},"14":{"loc":{"start":{"line":31,"column":4},"end":{"line":31,"column":71}},"type":"if","locations":[{"start":{"line":31,"column":4},"end":{"line":31,"column":71}}]},"15":{"loc":{"start":{"line":37,"column":4},"end":{"line":37,"column":70}},"type":"if","locations":[{"start":{"line":37,"column":4},"end":{"line":37,"column":70}}]},"16":{"loc":{"start":{"line":44,"column":4},"end":{"line":44,"column":74}},"type":"if","locations":[{"start":{"line":44,"column":4},"end":{"line":44,"column":74}}]},"17":{"loc":{"start":{"line":45,"column":4},"end":{"line":45,"column":74}},"type":"if","locations":[{"start":{"line":45,"column":4},"end":{"line":45,"column":74}}]},"18":{"loc":{"start":{"line":46,"column":4},"end":{"line":46,"column":85}},"type":"if","locations":[{"start":{"line":46,"column":4},"end":{"line":46,"column":85}}]},"19":{"loc":{"start":{"line":47,"column":4},"end":{"line":47,"column":77}},"type":"if","locations":[{"start":{"line":47,"column":4},"end":{"line":47,"column":77}}]},"20":{"loc":{"start":{"line":48,"column":4},"end":{"line":48,"column":77}},"type":"if","locations":[{"start":{"line":48,"column":4},"end":{"line":48,"column":77}}]}},"s":{"0":7,"1":7,"2":7,"3":6,"4":6,"5":1,"6":6,"7":1,"8":6,"9":2,"10":6,"11":7,"12":7,"13":1,"14":1,"15":1,"16":1,"17":1,"18":1,"19":1,"20":1,"21":7,"22":7,"23":1,"24":1,"25":1,"26":1,"27":1,"28":1,"29":1,"30":1,"31":1,"32":1,"33":7,"34":7,"35":1,"36":1,"37":1,"38":1,"39":7,"40":7,"41":1,"42":1,"43":1,"44":1,"45":1,"46":1,"47":1,"48":1,"49":1,"50":1,"51":1,"52":1,"53":7},"f":{"0":6,"1":1,"2":1,"3":1,"4":1},"b":{"0":[1],"1":[6,4],"2":[1],"3":[6,5],"4":[2],"5":[6,5],"6":[0,5],"7":[5,5],"8":[1],"9":[1],"10":[1],"11":[1],"12":[1],"13":[1],"14":[1],"15":[1],"16":[1],"17":[1],"18":[1],"19":[1],"20":[1]}}
}
