TN:
SF:config\default.ts
FNF:0
FNH:0
DA:1,6
LF:1
LH:1
BRF:0
BRH:0
end_of_record
TN:
SF:config\test.ts
FNF:0
FNH:0
DA:1,6
LF:1
LH:1
BRF:0
BRH:0
end_of_record
TN:
SF:src\constants\ValidateMethod.ts
FN:1,(anonymous_0)
FNF:1
FNH:1
FNDA:5,(anonymous_0)
DA:1,5
DA:2,5
DA:3,5
LF:3
LH:3
BRDA:1,0,0,5
BRDA:1,0,1,5
BRF:2
BRH:2
end_of_record
TN:
SF:src\controllers\auth.controller.ts
FN:6,(anonymous_13)
FN:6,(anonymous_14)
FNF:2
FNH:2
FNDA:3,(anonymous_13)
FNDA:3,(anonymous_14)
DA:2,1
DA:3,1
DA:4,1
DA:6,3
DA:8,3
DA:9,2
DA:11,1
DA:12,1
LF:8
LH:8
BRF:0
BRH:0
end_of_record
TN:
SF:src\controllers\posts.controller.ts
FN:6,(anonymous_13)
FN:6,(anonymous_14)
FN:16,(anonymous_16)
FN:16,(anonymous_17)
FN:28,(anonymous_19)
FN:28,(anonymous_20)
FN:47,(anonymous_22)
FN:47,(anonymous_23)
FN:58,(anonymous_25)
FN:58,(anonymous_26)
FN:72,(anonymous_28)
FN:72,(anonymous_29)
FN:86,(anonymous_31)
FN:86,(anonymous_32)
FN:100,(anonymous_34)
FN:100,(anonymous_35)
FNF:16
FNH:16
FNDA:2,(anonymous_13)
FNDA:2,(anonymous_14)
FNDA:3,(anonymous_16)
FNDA:3,(anonymous_17)
FNDA:4,(anonymous_19)
FNDA:4,(anonymous_20)
FNDA:1,(anonymous_22)
FNDA:1,(anonymous_23)
FNDA:3,(anonymous_25)
FNDA:3,(anonymous_26)
FNDA:3,(anonymous_28)
FNDA:3,(anonymous_29)
FNDA:3,(anonymous_31)
FNDA:3,(anonymous_32)
FNDA:4,(anonymous_34)
FNDA:4,(anonymous_35)
DA:2,1
DA:3,1
DA:4,1
DA:6,2
DA:8,2
DA:9,1
DA:11,1
DA:12,1
DA:16,3
DA:18,3
DA:19,3
DA:20,2
DA:21,1
DA:23,1
DA:24,1
DA:28,4
DA:30,4
DA:31,4
DA:32,4
DA:34,3
DA:36,2
DA:37,1
DA:39,1
DA:41,1
DA:42,1
DA:47,1
DA:49,1
DA:50,1
DA:51,1
DA:53,0
DA:54,0
DA:58,3
DA:60,3
DA:61,3
DA:62,3
DA:64,3
DA:65,2
DA:67,0
DA:68,0
DA:72,3
DA:74,3
DA:75,3
DA:76,3
DA:78,3
DA:79,1
DA:81,0
DA:82,0
DA:86,3
DA:88,3
DA:90,3
DA:92,2
DA:93,1
DA:95,1
DA:96,1
DA:100,4
DA:102,4
DA:103,4
DA:105,4
DA:107,3
DA:109,2
DA:110,1
DA:112,1
DA:114,1
DA:115,1
LF:64
LH:58
BRDA:20,0,0,1
BRDA:34,1,0,2
BRDA:34,2,0,0
BRDA:34,2,1,3
BRDA:34,3,0,3
BRDA:34,3,1,3
BRDA:36,4,0,1
BRDA:36,5,0,0
BRDA:36,5,1,2
BRDA:36,6,0,2
BRDA:36,6,1,2
BRDA:50,7,0,0
BRDA:50,8,0,0
BRDA:50,8,1,1
BRDA:50,9,0,1
BRDA:50,9,1,1
BRDA:64,10,0,1
BRDA:64,11,0,0
BRDA:64,11,1,3
BRDA:64,12,0,3
BRDA:64,12,1,3
BRDA:78,13,0,2
BRDA:78,14,0,0
BRDA:78,14,1,3
BRDA:78,15,0,3
BRDA:78,15,1,3
BRDA:92,16,0,1
BRDA:92,17,0,0
BRDA:92,17,1,2
BRDA:92,18,0,2
BRDA:92,18,1,2
BRDA:107,19,0,2
BRDA:107,20,0,0
BRDA:107,20,1,3
BRDA:107,21,0,3
BRDA:107,21,1,3
BRDA:109,22,0,1
BRDA:109,23,0,0
BRDA:109,23,1,2
BRDA:109,24,0,2
BRDA:109,24,1,2
BRF:41
BRH:32
end_of_record
TN:
SF:src\controllers\profiles.controller.ts
FN:8,(anonymous_14)
FN:8,(anonymous_15)
FN:19,(anonymous_17)
FN:19,(anonymous_18)
FN:31,(anonymous_20)
FN:31,(anonymous_21)
FN:44,(anonymous_23)
FN:44,(anonymous_24)
FN:55,(anonymous_26)
FN:55,(anonymous_27)
FN:66,(anonymous_29)
FN:66,(anonymous_30)
FN:78,(anonymous_32)
FN:78,(anonymous_33)
FN:89,(anonymous_35)
FN:89,(anonymous_36)
FN:101,(anonymous_38)
FN:101,(anonymous_39)
FN:115,(anonymous_41)
FNF:19
FNH:14
FNDA:2,(anonymous_14)
FNDA:2,(anonymous_15)
FNDA:3,(anonymous_17)
FNDA:3,(anonymous_18)
FNDA:3,(anonymous_20)
FNDA:3,(anonymous_21)
FNDA:4,(anonymous_23)
FNDA:4,(anonymous_24)
FNDA:0,(anonymous_26)
FNDA:0,(anonymous_27)
FNDA:2,(anonymous_29)
FNDA:2,(anonymous_30)
FNDA:3,(anonymous_32)
FNDA:3,(anonymous_33)
FNDA:2,(anonymous_35)
FNDA:2,(anonymous_36)
FNDA:0,(anonymous_38)
FNDA:0,(anonymous_39)
FNDA:0,(anonymous_41)
DA:2,1
DA:3,1
DA:4,1
DA:5,1
DA:6,1
DA:8,2
DA:11,2
DA:12,1
DA:14,1
DA:15,1
DA:19,3
DA:22,3
DA:23,2
DA:24,1
DA:26,1
DA:27,1
DA:31,3
DA:33,3
DA:34,3
DA:35,3
DA:36,2
DA:37,1
DA:39,1
DA:40,1
DA:44,4
DA:46,4
DA:47,4
DA:48,2
DA:50,2
DA:51,2
DA:55,1
DA:57,0
DA:58,0
DA:59,0
DA:61,0
DA:62,0
DA:66,2
DA:68,2
DA:69,2
DA:70,2
DA:71,1
DA:73,1
DA:74,1
DA:78,3
DA:80,3
DA:81,2
DA:82,1
DA:84,1
DA:85,1
DA:89,2
DA:91,2
DA:92,2
DA:93,2
DA:94,1
DA:96,1
DA:97,1
DA:101,1
DA:102,0
DA:103,0
DA:106,0
DA:115,0
DA:116,0
DA:117,0
DA:118,0
DA:120,0
DA:121,0
DA:124,0
DA:125,0
LF:68
LH:52
BRDA:23,0,0,1
BRDA:23,1,0,0
BRDA:23,1,1,2
BRDA:23,2,0,2
BRDA:23,2,1,2
BRDA:36,3,0,1
BRDA:36,4,0,0
BRDA:36,4,1,2
BRDA:36,5,0,2
BRDA:36,5,1,2
BRDA:58,6,0,0
BRDA:58,7,0,0
BRDA:58,7,1,0
BRDA:58,8,0,0
BRDA:58,8,1,0
BRDA:81,9,0,1
BRDA:81,10,0,0
BRDA:81,10,1,2
BRDA:81,11,0,2
BRDA:81,11,1,2
BRDA:116,12,0,0
BRDA:117,13,0,0
BRF:22
BRH:12
end_of_record
TN:
SF:src\controllers\users.controller.ts
FN:6,(anonymous_13)
FN:6,(anonymous_14)
FN:21,(anonymous_16)
FN:21,(anonymous_17)
FNF:4
FNH:4
FNDA:3,(anonymous_13)
FNDA:3,(anonymous_14)
FNDA:3,(anonymous_16)
FNDA:3,(anonymous_17)
DA:2,1
DA:3,1
DA:4,1
DA:6,3
DA:8,3
DA:9,3
DA:11,2
DA:12,2
DA:15,1
DA:16,1
DA:21,3
DA:23,3
DA:25,3
DA:27,2
DA:28,1
DA:31,1
DA:32,1
LF:17
LH:17
BRDA:11,0,0,1
BRDA:27,1,0,1
BRDA:27,2,0,0
BRDA:27,2,1,2
BRDA:27,3,0,2
BRDA:27,3,1,2
BRF:6
BRH:5
end_of_record
TN:
SF:src\middleware\auth.ts
FN:8,(anonymous_1)
FNF:1
FNH:1
FNDA:2,(anonymous_1)
DA:2,1
DA:3,1
DA:4,1
DA:5,1
DA:8,1
DA:10,2
DA:12,2
DA:13,0
DA:17,2
DA:18,2
DA:20,0
DA:21,0
DA:23,2
DA:27,1
LF:14
LH:11
BRDA:12,0,0,0
BRDA:18,1,0,2
BRDA:18,1,1,2
BRF:3
BRH:2
end_of_record
TN:
SF:src\models\Post.model.ts
FNF:0
FNH:0
DA:1,1
DA:32,1
DA:80,1
DA:82,1
LF:4
LH:4
BRF:0
BRH:0
end_of_record
TN:
SF:src\models\Profile.model.ts
FNF:0
FNH:0
DA:1,1
DA:47,1
DA:157,1
DA:159,1
LF:4
LH:4
BRF:0
BRH:0
end_of_record
TN:
SF:src\models\User.model.ts
FNF:0
FNH:0
DA:1,6
DA:11,6
DA:34,6
DA:36,6
LF:4
LH:4
BRF:0
BRH:0
end_of_record
TN:
SF:src\services\auth.service.ts
FN:3,(anonymous_14)
FN:3,(anonymous_15)
FNF:2
FNH:2
FNDA:2,(anonymous_14)
FNDA:2,(anonymous_15)
DA:1,2
DA:3,2
DA:4,2
DA:5,2
LF:4
LH:4
BRDA:4,0,0,2
BRF:1
BRH:1
end_of_record
TN:
SF:src\services\posts.service.ts
FN:18,(anonymous_14)
FN:24,(anonymous_17)
FN:24,(anonymous_18)
FN:29,(anonymous_20)
FN:29,(anonymous_21)
FN:34,(anonymous_23)
FN:34,(anonymous_24)
FN:47,(anonymous_26)
FN:47,(anonymous_27)
FN:66,(anonymous_29)
FN:66,(anonymous_30)
FN:70,(anonymous_32)
FN:81,(anonymous_33)
FN:81,(anonymous_34)
FN:85,(anonymous_36)
FN:87,(anonymous_37)
FN:90,(anonymous_38)
FN:99,(anonymous_39)
FN:99,(anonymous_40)
FN:121,(anonymous_42)
FN:121,(anonymous_43)
FN:127,(anonymous_45)
FN:137,(anonymous_46)
FNF:23
FNH:0
FNDA:0,(anonymous_14)
FNDA:0,(anonymous_17)
FNDA:0,(anonymous_18)
FNDA:0,(anonymous_20)
FNDA:0,(anonymous_21)
FNDA:0,(anonymous_23)
FNDA:0,(anonymous_24)
FNDA:0,(anonymous_26)
FNDA:0,(anonymous_27)
FNDA:0,(anonymous_29)
FNDA:0,(anonymous_30)
FNDA:0,(anonymous_32)
FNDA:0,(anonymous_33)
FNDA:0,(anonymous_34)
FNDA:0,(anonymous_36)
FNDA:0,(anonymous_37)
FNDA:0,(anonymous_38)
FNDA:0,(anonymous_39)
FNDA:0,(anonymous_40)
FNDA:0,(anonymous_42)
FNDA:0,(anonymous_43)
FNDA:0,(anonymous_45)
FNDA:0,(anonymous_46)
DA:1,1
DA:2,1
DA:3,1
DA:4,1
DA:5,1
DA:18,1
DA:20,0
DA:21,0
DA:24,1
DA:25,0
DA:26,0
DA:29,1
DA:30,0
DA:31,0
DA:34,1
DA:35,0
DA:37,0
DA:39,0
DA:42,0
DA:44,0
DA:47,1
DA:48,0
DA:49,0
DA:52,0
DA:54,0
DA:61,0
DA:63,0
DA:66,1
DA:67,0
DA:70,0
DA:72,0
DA:74,0
DA:76,0
DA:78,0
DA:81,1
DA:82,0
DA:85,0
DA:87,0
DA:89,0
DA:90,0
DA:92,0
DA:94,0
DA:96,0
DA:99,1
DA:100,0
DA:101,0
DA:103,0
DA:104,0
DA:106,0
DA:114,0
DA:116,0
DA:118,0
DA:121,1
DA:123,0
DA:126,0
DA:127,0
DA:131,0
DA:134,0
DA:137,0
DA:139,0
DA:141,0
LF:61
LH:14
BRDA:20,0,0,0
BRDA:25,1,0,0
BRDA:30,2,0,0
BRDA:35,3,0,0
BRDA:37,4,0,0
BRDA:39,5,0,0
BRDA:49,6,0,0
BRDA:56,7,0,0
BRDA:56,7,1,0
BRDA:56,8,0,0
BRDA:56,8,1,0
BRDA:57,9,0,0
BRDA:57,9,1,0
BRDA:57,10,0,0
BRDA:57,10,1,0
BRDA:67,11,0,0
BRDA:70,12,0,0
BRDA:82,13,0,0
BRDA:85,14,0,0
BRDA:101,15,0,0
BRDA:108,16,0,0
BRDA:108,16,1,0
BRDA:108,17,0,0
BRDA:108,17,1,0
BRDA:109,18,0,0
BRDA:109,18,1,0
BRDA:109,19,0,0
BRDA:109,19,1,0
BRDA:110,20,0,0
BRDA:110,20,1,0
BRDA:110,21,0,0
BRDA:110,21,1,0
BRDA:114,22,0,0
BRDA:114,22,1,0
BRDA:114,23,0,0
BRDA:114,23,1,0
BRDA:116,24,0,0
BRDA:116,24,1,0
BRDA:116,25,0,0
BRDA:116,25,1,0
BRDA:118,26,0,0
BRDA:118,26,1,0
BRDA:118,27,0,0
BRDA:118,27,1,0
BRDA:123,28,0,0
BRDA:131,29,0,0
BRDA:134,30,0,0
BRF:47
BRH:0
end_of_record
TN:
SF:src\services\profiles.service.ts
FN:48,(anonymous_14)
FN:53,(anonymous_17)
FN:53,(anonymous_18)
FN:62,(anonymous_20)
FN:62,(anonymous_21)
FN:90,(anonymous_23)
FN:115,(anonymous_24)
FN:115,(anonymous_25)
FN:121,(anonymous_27)
FN:121,(anonymous_28)
FN:132,(anonymous_30)
FN:132,(anonymous_31)
FN:137,(anonymous_33)
FN:137,(anonymous_34)
FN:145,(anonymous_36)
FN:145,(anonymous_37)
FN:177,(anonymous_39)
FN:177,(anonymous_40)
FN:180,(anonymous_42)
FN:192,(anonymous_43)
FN:192,(anonymous_44)
FN:224,(anonymous_46)
FN:224,(anonymous_47)
FN:228,(anonymous_49)
FN:238,(anonymous_50)
FN:238,(anonymous_51)
FN:248,(anonymous_53)
FNF:27
FNH:0
FNDA:0,(anonymous_14)
FNDA:0,(anonymous_17)
FNDA:0,(anonymous_18)
FNDA:0,(anonymous_20)
FNDA:0,(anonymous_21)
FNDA:0,(anonymous_23)
FNDA:0,(anonymous_24)
FNDA:0,(anonymous_25)
FNDA:0,(anonymous_27)
FNDA:0,(anonymous_28)
FNDA:0,(anonymous_30)
FNDA:0,(anonymous_31)
FNDA:0,(anonymous_33)
FNDA:0,(anonymous_34)
FNDA:0,(anonymous_36)
FNDA:0,(anonymous_37)
FNDA:0,(anonymous_39)
FNDA:0,(anonymous_40)
FNDA:0,(anonymous_42)
FNDA:0,(anonymous_43)
FNDA:0,(anonymous_44)
FNDA:0,(anonymous_46)
FNDA:0,(anonymous_47)
FNDA:0,(anonymous_49)
FNDA:0,(anonymous_50)
FNDA:0,(anonymous_51)
FNDA:0,(anonymous_53)
DA:1,1
DA:2,1
DA:3,1
DA:4,1
DA:5,1
DA:6,1
DA:7,1
DA:48,1
DA:49,0
DA:50,0
DA:53,1
DA:55,0
DA:57,0
DA:59,0
DA:62,1
DA:64,0
DA:79,0
DA:80,0
DA:82,0
DA:84,0
DA:85,0
DA:86,0
DA:87,0
DA:88,0
DA:89,0
DA:90,0
DA:93,0
DA:94,0
DA:95,0
DA:96,0
DA:97,0
DA:98,0
DA:100,0
DA:102,0
DA:103,0
DA:104,0
DA:105,0
DA:106,0
DA:110,0
DA:111,0
DA:112,0
DA:115,1
DA:116,0
DA:117,0
DA:118,0
DA:121,1
DA:122,0
DA:124,0
DA:129,0
DA:132,1
DA:133,0
DA:134,0
DA:137,1
DA:138,0
DA:140,0
DA:142,0
DA:145,1
DA:147,0
DA:157,0
DA:158,0
DA:160,0
DA:170,0
DA:171,0
DA:172,0
DA:174,0
DA:177,1
DA:178,0
DA:179,0
DA:180,0
DA:183,0
DA:184,0
DA:185,0
DA:186,0
DA:187,0
DA:188,0
DA:192,1
DA:194,0
DA:204,0
DA:205,0
DA:207,0
DA:217,0
DA:218,0
DA:219,0
DA:221,0
DA:224,1
DA:225,0
DA:227,0
DA:228,0
DA:231,0
DA:232,0
DA:233,0
DA:234,0
DA:238,1
DA:239,0
DA:248,0
DA:249,0
DA:250,0
DA:251,0
DA:253,0
DA:254,0
LF:100
LH:19
BRDA:49,0,0,0
BRDA:55,1,0,0
BRDA:57,2,0,0
BRDA:110,3,0,0
BRDA:80,4,0,0
BRDA:84,5,0,0
BRDA:85,6,0,0
BRDA:86,7,0,0
BRDA:87,8,0,0
BRDA:88,9,0,0
BRDA:89,10,0,0
BRDA:90,11,0,0
BRDA:94,12,0,0
BRDA:95,13,0,0
BRDA:96,14,0,0
BRDA:97,15,0,0
BRDA:98,16,0,0
BRDA:100,17,0,0
BRDA:103,18,0,0
BRDA:133,19,0,0
BRDA:138,20,0,0
BRDA:158,21,0,0
BRDA:171,22,0,0
BRDA:171,22,1,0
BRDA:171,23,0,0
BRDA:171,23,1,0
BRDA:171,24,0,0
BRDA:171,24,1,0
BRDA:171,25,0,0
BRDA:171,25,1,0
BRDA:172,26,0,0
BRDA:172,26,1,0
BRDA:172,27,0,0
BRDA:172,27,1,0
BRDA:178,28,0,0
BRDA:179,29,0,0
BRDA:179,29,1,0
BRDA:179,30,0,0
BRDA:179,30,1,0
BRDA:183,31,0,0
BRDA:185,32,0,0
BRDA:185,32,1,0
BRDA:185,33,0,0
BRDA:185,33,1,0
BRDA:186,34,0,0
BRDA:186,34,1,0
BRDA:186,35,0,0
BRDA:186,35,1,0
BRDA:205,36,0,0
BRDA:218,37,0,0
BRDA:218,37,1,0
BRDA:218,38,0,0
BRDA:218,38,1,0
BRDA:218,39,0,0
BRDA:218,39,1,0
BRDA:218,40,0,0
BRDA:218,40,1,0
BRDA:219,41,0,0
BRDA:219,41,1,0
BRDA:219,42,0,0
BRDA:219,42,1,0
BRDA:225,43,0,0
BRDA:227,44,0,0
BRDA:227,44,1,0
BRDA:227,45,0,0
BRDA:227,45,1,0
BRDA:231,46,0,0
BRDA:232,47,0,0
BRDA:232,47,1,0
BRDA:232,48,0,0
BRDA:232,48,1,0
BRDA:233,49,0,0
BRDA:233,49,1,0
BRDA:233,50,0,0
BRDA:233,50,1,0
BRDA:249,51,0,0
BRDA:250,52,0,0
BRF:77
BRH:0
end_of_record
TN:
SF:src\services\users.service.ts
FN:23,(anonymous_14)
FN:23,(anonymous_15)
FN:50,(anonymous_17)
FN:50,(anonymous_18)
FN:67,(anonymous_20)
FN:67,(anonymous_21)
FN:72,(anonymous_23)
FN:72,(anonymous_24)
FN:77,(anonymous_26)
FN:77,(anonymous_27)
FN:83,(anonymous_29)
FN:91,(anonymous_30)
FN:91,(anonymous_31)
FN:97,(anonymous_33)
FNF:14
FNH:10
FNDA:2,(anonymous_14)
FNDA:2,(anonymous_15)
FNDA:0,(anonymous_17)
FNDA:0,(anonymous_18)
FNDA:4,(anonymous_20)
FNDA:4,(anonymous_21)
FNDA:2,(anonymous_23)
FNDA:2,(anonymous_24)
FNDA:0,(anonymous_26)
FNDA:0,(anonymous_27)
FNDA:1,(anonymous_29)
FNDA:1,(anonymous_30)
FNDA:1,(anonymous_31)
FNDA:1,(anonymous_33)
DA:1,2
DA:2,2
DA:3,2
DA:4,2
DA:5,2
DA:6,2
DA:7,2
DA:8,2
DA:23,2
DA:24,2
DA:25,2
DA:27,1
DA:28,1
DA:30,1
DA:32,1
DA:34,1
DA:41,1
DA:43,2
DA:45,1
DA:47,1
DA:50,2
DA:51,0
DA:52,0
DA:54,0
DA:55,0
DA:56,0
DA:58,0
DA:59,0
DA:61,0
DA:63,0
DA:67,4
DA:68,4
DA:69,4
DA:72,2
DA:73,2
DA:74,2
DA:77,2
DA:78,0
DA:79,0
DA:83,2
DA:84,1
DA:91,2
DA:92,1
DA:93,1
DA:94,1
DA:97,2
DA:98,1
DA:103,1
DA:104,1
DA:106,1
LF:50
LH:39
BRDA:24,0,0,2
BRDA:25,1,0,1
BRDA:28,2,0,0
BRDA:51,3,0,0
BRDA:52,4,0,0
BRDA:56,5,0,0
BRDA:59,6,0,0
BRDA:68,7,0,4
BRDA:69,8,0,2
BRDA:69,8,1,2
BRDA:73,9,0,2
BRDA:78,10,0,0
BRDA:92,11,0,1
BRDA:103,12,0,1
BRDA:103,12,1,1
BRF:15
BRH:9
end_of_record
TN:
SF:src\utils\connectDB.ts
FN:4,(anonymous_14)
FNF:1
FNH:1
FNDA:2,(anonymous_14)
DA:1,1
DA:2,1
DA:4,2
DA:6,1
DA:7,1
DA:8,2
DA:10,1
DA:12,0
DA:14,0
DA:18,1
LF:10
LH:8
BRDA:6,0,0,1
BRDA:6,0,1,1
BRF:2
BRH:2
end_of_record
TN:
SF:src\utils\error.ts
FN:1,(anonymous_0)
FNF:1
FNH:1
FNDA:34,(anonymous_0)
DA:1,10
DA:2,34
LF:2
LH:2
BRF:0
BRH:0
end_of_record
TN:
SF:src\utils\server.ts
FN:4,(anonymous_1)
FNF:1
FNH:1
FNDA:2,(anonymous_1)
DA:1,2
DA:2,2
DA:4,2
DA:5,2
DA:8,2
DA:11,2
DA:19,2
DA:21,2
DA:24,2
LF:9
LH:9
BRF:0
BRH:0
end_of_record
TN:
SF:src\utils\validator.ts
FN:7,(anonymous_6)
FN:16,(anonymous_7)
FN:25,(anonymous_8)
FN:35,(anonymous_9)
FN:41,(anonymous_10)
FNF:5
FNH:5
FNDA:4,(anonymous_6)
FNDA:1,(anonymous_7)
FNDA:1,(anonymous_8)
FNDA:1,(anonymous_9)
FNDA:1,(anonymous_10)
DA:1,5
DA:2,5
DA:7,5
DA:8,4
DA:10,4
DA:11,4
DA:12,4
DA:13,4
DA:16,5
DA:17,1
DA:19,1
DA:20,1
DA:21,1
DA:22,1
DA:25,5
DA:26,1
DA:28,1
DA:29,1
DA:30,1
DA:31,1
DA:32,1
DA:35,5
DA:36,1
DA:37,1
DA:38,1
DA:41,5
DA:42,1
DA:44,1
DA:45,1
DA:46,1
DA:47,1
DA:48,1
DA:49,1
LF:33
LH:33
BRDA:10,0,0,1
BRDA:10,1,0,4
BRDA:10,1,1,4
BRDA:11,2,0,1
BRDA:11,3,0,4
BRDA:11,3,1,3
BRDA:12,4,0,1
BRDA:12,5,0,4
BRDA:12,5,1,4
BRDA:12,6,0,0
BRDA:12,6,1,4
BRDA:12,7,0,4
BRDA:12,7,1,4
BRDA:19,8,0,1
BRDA:20,9,0,1
BRDA:21,10,0,1
BRDA:28,11,0,1
BRDA:29,12,0,1
BRDA:30,13,0,1
BRDA:31,14,0,1
BRDA:37,15,0,1
BRDA:44,16,0,1
BRDA:45,17,0,1
BRDA:46,18,0,1
BRDA:47,19,0,1
BRDA:48,20,0,1
BRF:26
BRH:25
end_of_record
